Using pre-set license
Built from '2022.3/staging' branch; Version is '2022.3.10f1 (ff3792e53c62) revision 16725906'; Using compiler version '192829333'; Build Type 'Release'
OS: 'Windows 11  (10.0.22621) 64bit Core' Language: 'ja' Physical Memory: 32508 MB
BatchMode: 1, IsHumanControllingUs: 0, StartBugReporterOnCrash: 0, Is64bit: 1, IsPro: 1

COMMAND LINE ARGUMENTS:
C:\Program Files\Unity\Hub\Editor\2022.3.10f1\Editor\Unity.exe
-adb2
-batchMode
-noUpm
-name
AssetImportWorker0
-projectPath
C:/Users/blueapple25130/Documents/Git/NotBuyoTeto
-logFile
Logs/AssetImportWorker0.log
-srvPort
56617
Successfully changed project path to: C:/Users/blueapple25130/Documents/Git/NotBuyoTeto
C:/Users/blueapple25130/Documents/Git/NotBuyoTeto
[UnityMemory] Configuration Parameters - Can be set up in boot.config
    "memorysetup-bucket-allocator-granularity=16"
    "memorysetup-bucket-allocator-bucket-count=8"
    "memorysetup-bucket-allocator-block-size=33554432"
    "memorysetup-bucket-allocator-block-count=8"
    "memorysetup-main-allocator-block-size=16777216"
    "memorysetup-thread-allocator-block-size=16777216"
    "memorysetup-gfx-main-allocator-block-size=16777216"
    "memorysetup-gfx-thread-allocator-block-size=16777216"
    "memorysetup-cache-allocator-block-size=4194304"
    "memorysetup-typetree-allocator-block-size=2097152"
    "memorysetup-profiler-bucket-allocator-granularity=16"
    "memorysetup-profiler-bucket-allocator-bucket-count=8"
    "memorysetup-profiler-bucket-allocator-block-size=33554432"
    "memorysetup-profiler-bucket-allocator-block-count=8"
    "memorysetup-profiler-allocator-block-size=16777216"
    "memorysetup-profiler-editor-allocator-block-size=1048576"
    "memorysetup-temp-allocator-size-main=16777216"
    "memorysetup-job-temp-allocator-block-size=2097152"
    "memorysetup-job-temp-allocator-block-size-background=1048576"
    "memorysetup-job-temp-allocator-reduction-small-platforms=262144"
    "memorysetup-allocator-temp-initial-block-size-main=262144"
    "memorysetup-allocator-temp-initial-block-size-worker=262144"
    "memorysetup-temp-allocator-size-background-worker=32768"
    "memorysetup-temp-allocator-size-job-worker=262144"
    "memorysetup-temp-allocator-size-preload-manager=33554432"
    "memorysetup-temp-allocator-size-nav-mesh-worker=65536"
    "memorysetup-temp-allocator-size-audio-worker=65536"
    "memorysetup-temp-allocator-size-cloud-worker=32768"
    "memorysetup-temp-allocator-size-gi-baking-worker=262144"
    "memorysetup-temp-allocator-size-gfx=262144"
Player connection [47908] Host "[IP] 192.168.157.1 [Port] 0 [Flags] 2 [Guid] 164891615 [EditorId] 164891615 [Version] 1048832 [Id] WindowsEditor(7,DESKTOP-05CVTPV) [Debug] 1 [PackageName] WindowsEditor [ProjectName] Editor" joined multi-casting on [225.0.0.222:54997]...

Player connection [47908] Host "[IP] 192.168.157.1 [Port] 0 [Flags] 2 [Guid] 164891615 [EditorId] 164891615 [Version] 1048832 [Id] WindowsEditor(7,DESKTOP-05CVTPV) [Debug] 1 [PackageName] WindowsEditor [ProjectName] Editor" joined alternative multi-casting on [225.0.0.222:34997]...

[Physics::Module] Initialized MultithreadedJobDispatcher with 31 workers.
Refreshing native plugins compatible for Editor in 3.25 ms, found 2 plugins.
Preloading 0 native plugins for Editor in 0.00 ms.
Initialize engine version: 2022.3.10f1 (ff3792e53c62)
[Subsystems] Discovering subsystems at path C:/Program Files/Unity/Hub/Editor/2022.3.10f1/Editor/Data/Resources/UnitySubsystems
[Subsystems] Discovering subsystems at path C:/Users/blueapple25130/Documents/Git/NotBuyoTeto/Assets
GfxDevice: creating device client; threaded=0; jobified=0
Direct3D:
    Version:  Direct3D 11.0 [level 11.1]
    Renderer: NVIDIA GeForce RTX 4090 (ID=0x2684)
    Vendor:   NVIDIA
    VRAM:     24156 MB
    Driver:   31.0.15.3713
Initialize mono
Mono path[0] = 'C:/Program Files/Unity/Hub/Editor/2022.3.10f1/Editor/Data/Managed'
Mono path[1] = 'C:/Program Files/Unity/Hub/Editor/2022.3.10f1/Editor/Data/MonoBleedingEdge/lib/mono/unityjit-win32'
Mono config path = 'C:/Program Files/Unity/Hub/Editor/2022.3.10f1/Editor/Data/MonoBleedingEdge/etc'
Using monoOptions --debugger-agent=transport=dt_socket,embedding=1,server=y,suspend=n,address=127.0.0.1:56152
Begin MonoManager ReloadAssembly
Registering precompiled unity dll's ...
Register platform support module: C:/Program Files/Unity/Hub/Editor/2022.3.10f1/Editor/Data/PlaybackEngines/WindowsStandaloneSupport/UnityEditor.WindowsStandalone.Extensions.dll
Registered in 0.002528 seconds.
- Loaded All Assemblies, in  0.181 seconds
Native extension for WindowsStandalone target not found
Mono: successfully reloaded assembly
- Finished resetting the current domain, in  0.137 seconds
Domain Reload Profiling: 317ms
	BeginReloadAssembly (56ms)
		ExecutionOrderSort (0ms)
		DisableScriptedObjects (0ms)
		BackupInstance (0ms)
		ReleaseScriptingObjects (0ms)
		CreateAndSetChildDomain (0ms)
	RebuildCommonClasses (17ms)
	RebuildNativeTypeToScriptingClass (6ms)
	initialDomainReloadingComplete (29ms)
	LoadAllAssembliesAndSetupDomain (72ms)
		LoadAssemblies (55ms)
		RebuildTransferFunctionScriptingTraits (0ms)
		AnalyzeDomain (71ms)
			TypeCache.Refresh (70ms)
				TypeCache.ScanAssembly (63ms)
			ScanForSourceGeneratedMonoScriptInfo (0ms)
			ResolveRequiredComponents (0ms)
	FinalizeReload (137ms)
		ReleaseScriptCaches (0ms)
		RebuildScriptCaches (0ms)
		SetupLoadedEditorAssemblies (104ms)
			LogAssemblyErrors (0ms)
			InitializePlatformSupportModulesInManaged (5ms)
			SetLoadedEditorAssemblies (4ms)
			RefreshPlugins (0ms)
			BeforeProcessingInitializeOnLoad (1ms)
			ProcessInitializeOnLoadAttributes (68ms)
			ProcessInitializeOnLoadMethodAttributes (26ms)
			AfterProcessingInitializeOnLoad (0ms)
			EditorAssembliesLoaded (0ms)
		ExecutionOrderSort2 (0ms)
		AwakeInstancesAfterBackupRestoration (0ms)
========================================================================
Worker process is ready to serve import requests
Begin MonoManager ReloadAssembly
- Loaded All Assemblies, in  0.262 seconds
Refreshing native plugins compatible for Editor in 1.35 ms, found 2 plugins.
Native extension for WindowsStandalone target not found
Package Manager log level set to [2]
[Package Manager] Server::EnsureServerProcessIsRunning -- launch failed, reason: Unity was launched with the -noUpm command-line argument
[Package Manager] UpmClient::Send -- Unable to send message (not connected to UPM process).
[Package Manager] Cannot connect to Unity Package Manager local server
Mono: successfully reloaded assembly
- Finished resetting the current domain, in  0.295 seconds
Domain Reload Profiling: 556ms
	BeginReloadAssembly (78ms)
		ExecutionOrderSort (0ms)
		DisableScriptedObjects (3ms)
		BackupInstance (0ms)
		ReleaseScriptingObjects (0ms)
		CreateAndSetChildDomain (12ms)
	RebuildCommonClasses (17ms)
	RebuildNativeTypeToScriptingClass (6ms)
	initialDomainReloadingComplete (15ms)
	LoadAllAssembliesAndSetupDomain (144ms)
		LoadAssemblies (134ms)
		RebuildTransferFunctionScriptingTraits (0ms)
		AnalyzeDomain (55ms)
			TypeCache.Refresh (45ms)
				TypeCache.ScanAssembly (38ms)
			ScanForSourceGeneratedMonoScriptInfo (6ms)
			ResolveRequiredComponents (3ms)
	FinalizeReload (296ms)
		ReleaseScriptCaches (0ms)
		RebuildScriptCaches (0ms)
		SetupLoadedEditorAssemblies (215ms)
			LogAssemblyErrors (0ms)
			InitializePlatformSupportModulesInManaged (3ms)
			SetLoadedEditorAssemblies (3ms)
			RefreshPlugins (0ms)
			BeforeProcessingInitializeOnLoad (27ms)
			ProcessInitializeOnLoadAttributes (160ms)
			ProcessInitializeOnLoadMethodAttributes (20ms)
			AfterProcessingInitializeOnLoad (3ms)
			EditorAssembliesLoaded (0ms)
		ExecutionOrderSort2 (0ms)
		AwakeInstancesAfterBackupRestoration (5ms)
Launched and connected shader compiler UnityShaderCompiler.exe after 0.03 seconds
Refreshing native plugins compatible for Editor in 1.32 ms, found 2 plugins.
Preloading 0 native plugins for Editor in 0.00 ms.
Unloading 1775 Unused Serialized files (Serialized files now loaded: 0)
Unloading 41 unused Assets / (49.9 KB). Loaded Objects now: 2242.
Memory consumption went from 88.6 MB to 88.6 MB.
Total: 1.728000 ms (FindLiveObjects: 0.077500 ms CreateObjectMapping: 0.020200 ms MarkObjects: 1.562100 ms  DeleteObjects: 0.067700 ms)

AssetImportParameters requested are different than current active one (requested -> active):
  custom:video-decoder-webm-vp8: 9c59270c3fd7afecdb556c50c9e8de78 -> 
  custom:SearchIndexIgnoredProperties: e643bd26f0fe6173181afceb89e7c659 -> 
  custom:container-demuxer-ogg: 62fdf1f143b41e24485cea50d1cbac27 -> 
  custom:AudioImporter_EditorPlatform: d09bf68614088b80899f8185d706f6e7 -> 
  custom:video-decoder-ogg-theora: a1e56fd34408186e4bbccfd4996cb3dc -> 
  custom:framework-win-MediaFoundation: 216162199b28c13a410421893ffa2e32 -> 
  custom:video-encoder-webm-vp8: eb34c28f22e8b96e1ab97ce403110664 -> 
  custom:audio-decoder-ogg-vorbis: bf7c407c2cedff20999df2af8eb42d56 -> 
  custom:CustomObjectIndexerAttribute: 756ad292c208cfabdd7b50bc23989ffe -> 
  custom:container-demuxer-webm: 4f35f7cbe854078d1ac9338744f61a02 -> 
  custom:audio-encoder-webm-vorbis: bf7c407c2cedff20999df2af8eb42d56 -> 
  custom:container-muxer-webm: aa71ff27fc2769a1b78a27578f13a17b -> 
========================================================================
Received Import Request.
  Time since last request: 1007557.955885 seconds.
  path: Assets/NotBuyoTeto/Scenes/MarathonMode.unity
  artifactKey: Guid(04cf2364d7600754e8c9621346d06b02) Importer(815301076,1909f56bfc062723c751e8b465ee728b)
Start importing Assets/NotBuyoTeto/Scenes/MarathonMode.unity using Guid(04cf2364d7600754e8c9621346d06b02) Importer(815301076,1909f56bfc062723c751e8b465ee728b)  -> (artifact id: 'd66cd4c5091ee92299a24223ab61d281') in 0.001669 seconds
Number of updated asset objects reloaded before import = 0
Number of asset objects unloaded after import = 0
========================================================================
Received Import Request.
  Time since last request: 63.642716 seconds.
  path: Assets/NotBuyoTeto/Prefabs/Ingame/Sfx Manager.prefab
  artifactKey: Guid(b8e2d8226d987784abe1fdeb276e0dc2) Importer(815301076,1909f56bfc062723c751e8b465ee728b)
Start importing Assets/NotBuyoTeto/Prefabs/Ingame/Sfx Manager.prefab using Guid(b8e2d8226d987784abe1fdeb276e0dc2) Importer(815301076,1909f56bfc062723c751e8b465ee728b)  -> (artifact id: '562a020a1bbc9a84eadd487a6086b059') in 0.015998 seconds
Number of updated asset objects reloaded before import = 0
Number of asset objects unloaded after import = 7
========================================================================
Received Import Request.
  Time since last request: 3.251744 seconds.
  path: Assets/NotBuyoTeto/Prefabs/Ingame/Sfx Manager.prefab
  artifactKey: Guid(b8e2d8226d987784abe1fdeb276e0dc2) Importer(815301076,1909f56bfc062723c751e8b465ee728b)
Start importing Assets/NotBuyoTeto/Prefabs/Ingame/Sfx Manager.prefab using Guid(b8e2d8226d987784abe1fdeb276e0dc2) Importer(815301076,1909f56bfc062723c751e8b465ee728b)  -> (artifact id: 'f5fba855229b6980d5034f1e5dc185ec') in 0.001391 seconds
Number of updated asset objects reloaded before import = 0
Number of asset objects unloaded after import = 7
========================================================================
Received Import Request.
  Time since last request: 4.480633 seconds.
  path: Assets/NotBuyoTeto/Prefabs/Ingame/Sfx Manager.prefab
  artifactKey: Guid(b8e2d8226d987784abe1fdeb276e0dc2) Importer(815301076,1909f56bfc062723c751e8b465ee728b)
Start importing Assets/NotBuyoTeto/Prefabs/Ingame/Sfx Manager.prefab using Guid(b8e2d8226d987784abe1fdeb276e0dc2) Importer(815301076,1909f56bfc062723c751e8b465ee728b)  -> (artifact id: 'fc9cc263babcb1e75f8842650f21d70f') in 0.001324 seconds
Number of updated asset objects reloaded before import = 0
Number of asset objects unloaded after import = 7
========================================================================
Received Import Request.
  Time since last request: 3.484466 seconds.
  path: Assets/NotBuyoTeto/Prefabs/Ingame/Sfx Manager.prefab
  artifactKey: Guid(b8e2d8226d987784abe1fdeb276e0dc2) Importer(815301076,1909f56bfc062723c751e8b465ee728b)
Start importing Assets/NotBuyoTeto/Prefabs/Ingame/Sfx Manager.prefab using Guid(b8e2d8226d987784abe1fdeb276e0dc2) Importer(815301076,1909f56bfc062723c751e8b465ee728b)  -> (artifact id: '3b98400ca18a981af79e6260ba717279') in 0.001225 seconds
Number of updated asset objects reloaded before import = 0
Number of asset objects unloaded after import = 7
========================================================================
Received Import Request.
  Time since last request: 2.466784 seconds.
  path: Assets/NotBuyoTeto/Prefabs/Ingame/Sfx Manager.prefab
  artifactKey: Guid(b8e2d8226d987784abe1fdeb276e0dc2) Importer(815301076,1909f56bfc062723c751e8b465ee728b)
Start importing Assets/NotBuyoTeto/Prefabs/Ingame/Sfx Manager.prefab using Guid(b8e2d8226d987784abe1fdeb276e0dc2) Importer(815301076,1909f56bfc062723c751e8b465ee728b)  -> (artifact id: 'bef83b577ed82d3ae73009a75274cca8') in 0.001245 seconds
Number of updated asset objects reloaded before import = 0
Number of asset objects unloaded after import = 7
========================================================================
Received Import Request.
  Time since last request: 16.801526 seconds.
  path: Assets/NotBuyoTeto/Prefabs/Ingame/Tetrin/Teto Sfx Manager.prefab
  artifactKey: Guid(7c94d7d041ce3d34caeb2e3330a92669) Importer(815301076,1909f56bfc062723c751e8b465ee728b)
Start importing Assets/NotBuyoTeto/Prefabs/Ingame/Tetrin/Teto Sfx Manager.prefab using Guid(7c94d7d041ce3d34caeb2e3330a92669) Importer(815301076,1909f56bfc062723c751e8b465ee728b)  -> (artifact id: '87333134768520cca389ba98b4587464') in 0.002259 seconds
Number of updated asset objects reloaded before import = 0
Number of asset objects unloaded after import = 10
========================================================================
Received Import Request.
  Time since last request: 3.684009 seconds.
  path: Assets/NotBuyoTeto/Prefabs/Ingame/Tetrin/Teto Sfx Manager.prefab
  artifactKey: Guid(7c94d7d041ce3d34caeb2e3330a92669) Importer(815301076,1909f56bfc062723c751e8b465ee728b)
Start importing Assets/NotBuyoTeto/Prefabs/Ingame/Tetrin/Teto Sfx Manager.prefab using Guid(7c94d7d041ce3d34caeb2e3330a92669) Importer(815301076,1909f56bfc062723c751e8b465ee728b)  -> (artifact id: 'c9f367e6ddbf05c3aefe211b9b55c038') in 0.001428 seconds
Number of updated asset objects reloaded before import = 0
Number of asset objects unloaded after import = 10
========================================================================
Received Import Request.
  Time since last request: 3.889986 seconds.
  path: Assets/NotBuyoTeto/Prefabs/Ingame/Tetrin/Teto Sfx Manager.prefab
  artifactKey: Guid(7c94d7d041ce3d34caeb2e3330a92669) Importer(815301076,1909f56bfc062723c751e8b465ee728b)
Start importing Assets/NotBuyoTeto/Prefabs/Ingame/Tetrin/Teto Sfx Manager.prefab using Guid(7c94d7d041ce3d34caeb2e3330a92669) Importer(815301076,1909f56bfc062723c751e8b465ee728b)  -> (artifact id: '66df85d8bd921298bd4cfa07975ee8ea') in 0.001417 seconds
Number of updated asset objects reloaded before import = 0
Number of asset objects unloaded after import = 10
========================================================================
Received Import Request.
  Time since last request: 1.868098 seconds.
  path: Assets/NotBuyoTeto/Prefabs/Ingame/Tetrin/Teto Sfx Manager.prefab
  artifactKey: Guid(7c94d7d041ce3d34caeb2e3330a92669) Importer(815301076,1909f56bfc062723c751e8b465ee728b)
Start importing Assets/NotBuyoTeto/Prefabs/Ingame/Tetrin/Teto Sfx Manager.prefab using Guid(7c94d7d041ce3d34caeb2e3330a92669) Importer(815301076,1909f56bfc062723c751e8b465ee728b)  -> (artifact id: 'c4e7e3b303d7dce04d3175b06aba091a') in 0.001422 seconds
Number of updated asset objects reloaded before import = 0
Number of asset objects unloaded after import = 10
========================================================================
Received Import Request.
  Time since last request: 2.277434 seconds.
  path: Assets/NotBuyoTeto/Prefabs/Ingame/Tetrin/Teto Sfx Manager.prefab
  artifactKey: Guid(7c94d7d041ce3d34caeb2e3330a92669) Importer(815301076,1909f56bfc062723c751e8b465ee728b)
Start importing Assets/NotBuyoTeto/Prefabs/Ingame/Tetrin/Teto Sfx Manager.prefab using Guid(7c94d7d041ce3d34caeb2e3330a92669) Importer(815301076,1909f56bfc062723c751e8b465ee728b)  -> (artifact id: 'f6a3ec62da9eb0ee29f6fe85cd1db33c') in 0.001385 seconds
Number of updated asset objects reloaded before import = 0
Number of asset objects unloaded after import = 10
========================================================================
Received Import Request.
  Time since last request: 2.475872 seconds.
  path: Assets/NotBuyoTeto/Prefabs/Ingame/Tetrin/Teto Sfx Manager.prefab
  artifactKey: Guid(7c94d7d041ce3d34caeb2e3330a92669) Importer(815301076,1909f56bfc062723c751e8b465ee728b)
Start importing Assets/NotBuyoTeto/Prefabs/Ingame/Tetrin/Teto Sfx Manager.prefab using Guid(7c94d7d041ce3d34caeb2e3330a92669) Importer(815301076,1909f56bfc062723c751e8b465ee728b)  -> (artifact id: '1a305c2c10786b21c317fb91b8671212') in 0.001383 seconds
Number of updated asset objects reloaded before import = 0
Number of asset objects unloaded after import = 10
========================================================================
Received Import Request.
  Time since last request: 7.512156 seconds.
  path: Assets/NotBuyoTeto/Prefabs/Ingame/Tetrin/Bgm Manager.prefab
  artifactKey: Guid(7bd3ccf1d73f0c543aaea825854c0e2c) Importer(815301076,1909f56bfc062723c751e8b465ee728b)
Start importing Assets/NotBuyoTeto/Prefabs/Ingame/Tetrin/Bgm Manager.prefab using Guid(7bd3ccf1d73f0c543aaea825854c0e2c) Importer(815301076,1909f56bfc062723c751e8b465ee728b)  -> (artifact id: '87f6d8ced378d3fb89c19a3c1909e8ac') in 0.001818 seconds
Number of updated asset objects reloaded before import = 0
Number of asset objects unloaded after import = 12
========================================================================
Received Import Request.
  Time since last request: 10.579335 seconds.
  path: Assets/NotBuyoTeto/Prefabs/Ingame/Buyobuyo/Bgm Manager.prefab
  artifactKey: Guid(2411daad941b7f344a5ede9608946855) Importer(815301076,1909f56bfc062723c751e8b465ee728b)
Start importing Assets/NotBuyoTeto/Prefabs/Ingame/Buyobuyo/Bgm Manager.prefab using Guid(2411daad941b7f344a5ede9608946855) Importer(815301076,1909f56bfc062723c751e8b465ee728b)  -> (artifact id: 'c4918284c3d697ea767221bc32b66dcb') in 0.001591 seconds
Number of updated asset objects reloaded before import = 0
Number of asset objects unloaded after import = 12
========================================================================
Received Import Request.
  Time since last request: 5.834303 seconds.
  path: Assets/NotBuyoTeto/Prefabs/Ingame/Buyobuyo/Buyo Sfx Manager.prefab
  artifactKey: Guid(d3b33ffb73394994082ab79c8fd486f7) Importer(815301076,1909f56bfc062723c751e8b465ee728b)
Start importing Assets/NotBuyoTeto/Prefabs/Ingame/Buyobuyo/Buyo Sfx Manager.prefab using Guid(d3b33ffb73394994082ab79c8fd486f7) Importer(815301076,1909f56bfc062723c751e8b465ee728b)  -> (artifact id: '56eef0afd172a323c78528f7b4edae59') in 0.002497 seconds
Number of updated asset objects reloaded before import = 0
Number of asset objects unloaded after import = 10
========================================================================
Received Import Request.
  Time since last request: 2.675434 seconds.
  path: Assets/NotBuyoTeto/Prefabs/Ingame/Buyobuyo/Buyo Sfx Manager.prefab
  artifactKey: Guid(d3b33ffb73394994082ab79c8fd486f7) Importer(815301076,1909f56bfc062723c751e8b465ee728b)
Start importing Assets/NotBuyoTeto/Prefabs/Ingame/Buyobuyo/Buyo Sfx Manager.prefab using Guid(d3b33ffb73394994082ab79c8fd486f7) Importer(815301076,1909f56bfc062723c751e8b465ee728b)  -> (artifact id: 'd8021f9f9f999502e736589769962355') in 0.001416 seconds
Number of updated asset objects reloaded before import = 0
Number of asset objects unloaded after import = 10
========================================================================
Received Import Request.
  Time since last request: 3.284208 seconds.
  path: Assets/NotBuyoTeto/Prefabs/Ingame/Buyobuyo/Buyo Sfx Manager.prefab
  artifactKey: Guid(d3b33ffb73394994082ab79c8fd486f7) Importer(815301076,1909f56bfc062723c751e8b465ee728b)
Start importing Assets/NotBuyoTeto/Prefabs/Ingame/Buyobuyo/Buyo Sfx Manager.prefab using Guid(d3b33ffb73394994082ab79c8fd486f7) Importer(815301076,1909f56bfc062723c751e8b465ee728b)  -> (artifact id: '3d92b2794ee259c06534e0b145642b45') in 0.001332 seconds
Number of updated asset objects reloaded before import = 0
Number of asset objects unloaded after import = 10
========================================================================
Received Import Request.
  Time since last request: 2.075777 seconds.
  path: Assets/NotBuyoTeto/Prefabs/Ingame/Buyobuyo/Buyo Sfx Manager.prefab
  artifactKey: Guid(d3b33ffb73394994082ab79c8fd486f7) Importer(815301076,1909f56bfc062723c751e8b465ee728b)
Start importing Assets/NotBuyoTeto/Prefabs/Ingame/Buyobuyo/Buyo Sfx Manager.prefab using Guid(d3b33ffb73394994082ab79c8fd486f7) Importer(815301076,1909f56bfc062723c751e8b465ee728b)  -> (artifact id: '59be28f180a0ce5b02a1cf26b48ce10d') in 0.001373 seconds
Number of updated asset objects reloaded before import = 0
Number of asset objects unloaded after import = 10
========================================================================
Received Import Request.
  Time since last request: 3.674080 seconds.
  path: Assets/NotBuyoTeto/Prefabs/Ingame/Buyobuyo/Buyo Sfx Manager.prefab
  artifactKey: Guid(d3b33ffb73394994082ab79c8fd486f7) Importer(815301076,1909f56bfc062723c751e8b465ee728b)
Start importing Assets/NotBuyoTeto/Prefabs/Ingame/Buyobuyo/Buyo Sfx Manager.prefab using Guid(d3b33ffb73394994082ab79c8fd486f7) Importer(815301076,1909f56bfc062723c751e8b465ee728b)  -> (artifact id: '9974b734afc33945d22b081d9484fc20') in 0.001311 seconds
Number of updated asset objects reloaded before import = 0
Number of asset objects unloaded after import = 10
========================================================================
Received Import Request.
  Time since last request: 13.001103 seconds.
  path: Assets/NotBuyoTeto/Prefabs/Ingame/MultiPlay/Resources/Buyo_blue.prefab
  artifactKey: Guid(57ea23acfc0c51047a7aaa377041faa9) Importer(815301076,1909f56bfc062723c751e8b465ee728b)
Start importing Assets/NotBuyoTeto/Prefabs/Ingame/MultiPlay/Resources/Buyo_blue.prefab using Guid(57ea23acfc0c51047a7aaa377041faa9) Importer(815301076,1909f56bfc062723c751e8b465ee728b)  -> (artifact id: 'e274b86e4f3a268e90b385aff8352f01') in 0.061925 seconds
Number of updated asset objects reloaded before import = 0
Number of asset objects unloaded after import = 63
========================================================================
Received Import Request.
  Time since last request: 0.000018 seconds.
  path: Assets/NotBuyoTeto/Prefabs/Ingame/MultiPlay/Resources/Mino_I.prefab
  artifactKey: Guid(26094f08802b45140b64ce044de6a5bf) Importer(815301076,1909f56bfc062723c751e8b465ee728b)
Start importing Assets/NotBuyoTeto/Prefabs/Ingame/MultiPlay/Resources/Mino_I.prefab using Guid(26094f08802b45140b64ce044de6a5bf) Importer(815301076,1909f56bfc062723c751e8b465ee728b)  -> (artifact id: '3e0aec6c809e132cb57353226c2a68c6') in 0.005546 seconds
Number of updated asset objects reloaded before import = 0
Number of asset objects unloaded after import = 11
========================================================================
Received Import Request.
  Time since last request: 0.000010 seconds.
  path: Assets/NotBuyoTeto/Prefabs/Ingame/MultiPlay/Resources/Mino_J.prefab
  artifactKey: Guid(5fd856e7ee3bd7147a817e4a54367b95) Importer(815301076,1909f56bfc062723c751e8b465ee728b)
Start importing Assets/NotBuyoTeto/Prefabs/Ingame/MultiPlay/Resources/Mino_J.prefab using Guid(5fd856e7ee3bd7147a817e4a54367b95) Importer(815301076,1909f56bfc062723c751e8b465ee728b)  -> (artifact id: '43b27bb1fac6d2124f81b80726ac10b0') in 0.003893 seconds
Number of updated asset objects reloaded before import = 0
Number of asset objects unloaded after import = 11
========================================================================
Received Import Request.
  Time since last request: 0.000010 seconds.
  path: Assets/NotBuyoTeto/Prefabs/Ingame/MultiPlay/Resources/SquareParent.prefab
  artifactKey: Guid(326fcd8955c3d8e43bc414e60861e142) Importer(815301076,1909f56bfc062723c751e8b465ee728b)
Start importing Assets/NotBuyoTeto/Prefabs/Ingame/MultiPlay/Resources/SquareParent.prefab using Guid(326fcd8955c3d8e43bc414e60861e142) Importer(815301076,1909f56bfc062723c751e8b465ee728b)  -> (artifact id: '08e376c636f88232f6f72d7b720463f3') in 0.004505 seconds
Number of updated asset objects reloaded before import = 0
Number of asset objects unloaded after import = 13
========================================================================
Received Import Request.
  Time since last request: 0.000014 seconds.
  path: Assets/NotBuyoTeto/Prefabs/Ingame/MultiPlay/Resources/Mino_Z.prefab
  artifactKey: Guid(125e4f4a40181d7499d09569488d691c) Importer(815301076,1909f56bfc062723c751e8b465ee728b)
Start importing Assets/NotBuyoTeto/Prefabs/Ingame/MultiPlay/Resources/Mino_Z.prefab using Guid(125e4f4a40181d7499d09569488d691c) Importer(815301076,1909f56bfc062723c751e8b465ee728b)  -> (artifact id: 'e3dc3e68502acd45456923b5b8080992') in 0.008042 seconds
Number of updated asset objects reloaded before import = 0
Number of asset objects unloaded after import = 11
========================================================================
Received Import Request.
  Time since last request: 0.000014 seconds.
  path: Assets/NotBuyoTeto/Prefabs/Ingame/MultiPlay/Resources/Mino_T.prefab
  artifactKey: Guid(6897c9886789d674b8c077836a811a8d) Importer(815301076,1909f56bfc062723c751e8b465ee728b)
Start importing Assets/NotBuyoTeto/Prefabs/Ingame/MultiPlay/Resources/Mino_T.prefab using Guid(6897c9886789d674b8c077836a811a8d) Importer(815301076,1909f56bfc062723c751e8b465ee728b)  -> (artifact id: '41b2e1ba76f62660370817423b7221c3') in 0.004219 seconds
Number of updated asset objects reloaded before import = 0
Number of asset objects unloaded after import = 11
========================================================================
Received Import Request.
  Time since last request: 0.000012 seconds.
  path: Assets/NotBuyoTeto/Prefabs/Ingame/MultiPlay/Resources/Mino_L.prefab
  artifactKey: Guid(eb43bd75305e2b1408fb37127c64a2ae) Importer(815301076,1909f56bfc062723c751e8b465ee728b)
Start importing Assets/NotBuyoTeto/Prefabs/Ingame/MultiPlay/Resources/Mino_L.prefab using Guid(eb43bd75305e2b1408fb37127c64a2ae) Importer(815301076,1909f56bfc062723c751e8b465ee728b)  -> (artifact id: '92bef2bd31d8f41c7d931cbd0a10e014') in 0.004291 seconds
Number of updated asset objects reloaded before import = 0
Number of asset objects unloaded after import = 11
========================================================================
Received Import Request.
  Time since last request: 0.000009 seconds.
  path: Assets/NotBuyoTeto/Prefabs/Ingame/MultiPlay/Resources/Mino_O.prefab
  artifactKey: Guid(df6d34314eecf4445842026231133e8f) Importer(815301076,1909f56bfc062723c751e8b465ee728b)
Start importing Assets/NotBuyoTeto/Prefabs/Ingame/MultiPlay/Resources/Mino_O.prefab using Guid(df6d34314eecf4445842026231133e8f) Importer(815301076,1909f56bfc062723c751e8b465ee728b)  -> (artifact id: '551007f0e3cdd28a9da4c46e324cf0d7') in 0.007884 seconds
Number of updated asset objects reloaded before import = 0
Number of asset objects unloaded after import = 11
========================================================================
Received Import Request.
  Time since last request: 0.000010 seconds.
  path: Assets/NotBuyoTeto/Prefabs/Ingame/MultiPlay/Resources/Buyo_yellow.prefab
  artifactKey: Guid(bfd4b666a42acbe4b8d3423318999965) Importer(815301076,1909f56bfc062723c751e8b465ee728b)
Start importing Assets/NotBuyoTeto/Prefabs/Ingame/MultiPlay/Resources/Buyo_yellow.prefab using Guid(bfd4b666a42acbe4b8d3423318999965) Importer(815301076,1909f56bfc062723c751e8b465ee728b)  -> (artifact id: '26ae935b0470a48aad7c64bfdbb7232d') in 0.008050 seconds
Number of updated asset objects reloaded before import = 0
Number of asset objects unloaded after import = 63
========================================================================
Received Import Request.
  Time since last request: 9.667783 seconds.
  path: Assets/NotBuyoTeto/Prefabs/UI/Label.prefab
  artifactKey: Guid(a4a315a1576a24340996e70fc79a957c) Importer(815301076,1909f56bfc062723c751e8b465ee728b)
Start importing Assets/NotBuyoTeto/Prefabs/UI/Label.prefab using Guid(a4a315a1576a24340996e70fc79a957c) Importer(815301076,1909f56bfc062723c751e8b465ee728b)  -> (artifact id: 'b13dd1ccb1a98b0db6a85b518ba6f760') in 0.009737 seconds
Number of updated asset objects reloaded before import = 0
Number of asset objects unloaded after import = 8
Editor requested this worker to shutdown with reason: Scaling down because of idle timeout
TcpMessagingSession - receive error: operation aborted. errorcode: 995, details: スレッドの終了またはアプリケーションの要求によって、I/O 処理は中止されました。
AssetImportWorker is now disconnected from the server
Process exiting
Exiting without the bug reporter. Application will terminate with return code 0