Using pre-set license
Built from '2022.3/staging' branch; Version is '2022.3.10f1 (ff3792e53c62) revision 16725906'; Using compiler version '192829333'; Build Type 'Release'
OS: 'Windows 11  (10.0.22621) 64bit Core' Language: 'ja' Physical Memory: 32508 MB
BatchMode: 1, IsHumanControllingUs: 0, StartBugReporterOnCrash: 0, Is64bit: 1, IsPro: 1

COMMAND LINE ARGUMENTS:
C:\Program Files\Unity\Hub\Editor\2022.3.10f1\Editor\Unity.exe
-adb2
-batchMode
-noUpm
-name
AssetImportWorker2
-projectPath
C:/Users/blueapple25130/Documents/Git/NotBuyoTeto
-logFile
Logs/AssetImportWorker2.log
-srvPort
51292
Successfully changed project path to: C:/Users/blueapple25130/Documents/Git/NotBuyoTeto
C:/Users/blueapple25130/Documents/Git/NotBuyoTeto
[UnityMemory] Configuration Parameters - Can be set up in boot.config
    "memorysetup-bucket-allocator-granularity=16"
    "memorysetup-bucket-allocator-bucket-count=8"
    "memorysetup-bucket-allocator-block-size=33554432"
    "memorysetup-bucket-allocator-block-count=8"
    "memorysetup-main-allocator-block-size=16777216"
    "memorysetup-thread-allocator-block-size=16777216"
    "memorysetup-gfx-main-allocator-block-size=16777216"
    "memorysetup-gfx-thread-allocator-block-size=16777216"
    "memorysetup-cache-allocator-block-size=4194304"
    "memorysetup-typetree-allocator-block-size=2097152"
    "memorysetup-profiler-bucket-allocator-granularity=16"
    "memorysetup-profiler-bucket-allocator-bucket-count=8"
    "memorysetup-profiler-bucket-allocator-block-size=33554432"
    "memorysetup-profiler-bucket-allocator-block-count=8"
    "memorysetup-profiler-allocator-block-size=16777216"
    "memorysetup-profiler-editor-allocator-block-size=1048576"
    "memorysetup-temp-allocator-size-main=16777216"
    "memorysetup-job-temp-allocator-block-size=2097152"
    "memorysetup-job-temp-allocator-block-size-background=1048576"
    "memorysetup-job-temp-allocator-reduction-small-platforms=262144"
    "memorysetup-allocator-temp-initial-block-size-main=262144"
    "memorysetup-allocator-temp-initial-block-size-worker=262144"
    "memorysetup-temp-allocator-size-background-worker=32768"
    "memorysetup-temp-allocator-size-job-worker=262144"
    "memorysetup-temp-allocator-size-preload-manager=33554432"
    "memorysetup-temp-allocator-size-nav-mesh-worker=65536"
    "memorysetup-temp-allocator-size-audio-worker=65536"
    "memorysetup-temp-allocator-size-cloud-worker=32768"
    "memorysetup-temp-allocator-size-gi-baking-worker=262144"
    "memorysetup-temp-allocator-size-gfx=262144"
Player connection [49656] Host "[IP] 192.168.157.1 [Port] 0 [Flags] 2 [Guid] 39467577 [EditorId] 39467577 [Version] 1048832 [Id] WindowsEditor(7,DESKTOP-05CVTPV) [Debug] 1 [PackageName] WindowsEditor [ProjectName] Editor" joined multi-casting on [225.0.0.222:54997]...

Player connection [49656] Host "[IP] 192.168.157.1 [Port] 0 [Flags] 2 [Guid] 39467577 [EditorId] 39467577 [Version] 1048832 [Id] WindowsEditor(7,DESKTOP-05CVTPV) [Debug] 1 [PackageName] WindowsEditor [ProjectName] Editor" joined alternative multi-casting on [225.0.0.222:34997]...

[Physics::Module] Initialized MultithreadedJobDispatcher with 31 workers.
Refreshing native plugins compatible for Editor in 3.37 ms, found 2 plugins.
Preloading 0 native plugins for Editor in 0.00 ms.
Initialize engine version: 2022.3.10f1 (ff3792e53c62)
[Subsystems] Discovering subsystems at path C:/Program Files/Unity/Hub/Editor/2022.3.10f1/Editor/Data/Resources/UnitySubsystems
[Subsystems] Discovering subsystems at path C:/Users/blueapple25130/Documents/Git/NotBuyoTeto/Assets
GfxDevice: creating device client; threaded=0; jobified=0
Direct3D:
    Version:  Direct3D 11.0 [level 11.1]
    Renderer: NVIDIA GeForce RTX 4090 (ID=0x2684)
    Vendor:   NVIDIA
    VRAM:     24156 MB
    Driver:   31.0.15.3713
Initialize mono
Mono path[0] = 'C:/Program Files/Unity/Hub/Editor/2022.3.10f1/Editor/Data/Managed'
Mono path[1] = 'C:/Program Files/Unity/Hub/Editor/2022.3.10f1/Editor/Data/MonoBleedingEdge/lib/mono/unityjit-win32'
Mono config path = 'C:/Program Files/Unity/Hub/Editor/2022.3.10f1/Editor/Data/MonoBleedingEdge/etc'
Using monoOptions --debugger-agent=transport=dt_socket,embedding=1,server=y,suspend=n,address=127.0.0.1:56760
Begin MonoManager ReloadAssembly
Registering precompiled unity dll's ...
Register platform support module: C:/Program Files/Unity/Hub/Editor/2022.3.10f1/Editor/Data/PlaybackEngines/WindowsStandaloneSupport/UnityEditor.WindowsStandalone.Extensions.dll
Registered in 0.003464 seconds.
- Loaded All Assemblies, in  0.219 seconds
Native extension for WindowsStandalone target not found
Mono: successfully reloaded assembly
- Finished resetting the current domain, in  0.161 seconds
Domain Reload Profiling: 380ms
	BeginReloadAssembly (75ms)
		ExecutionOrderSort (0ms)
		DisableScriptedObjects (0ms)
		BackupInstance (0ms)
		ReleaseScriptingObjects (0ms)
		CreateAndSetChildDomain (0ms)
	RebuildCommonClasses (21ms)
	RebuildNativeTypeToScriptingClass (7ms)
	initialDomainReloadingComplete (38ms)
	LoadAllAssembliesAndSetupDomain (77ms)
		LoadAssemblies (74ms)
		RebuildTransferFunctionScriptingTraits (0ms)
		AnalyzeDomain (76ms)
			TypeCache.Refresh (75ms)
				TypeCache.ScanAssembly (67ms)
			ScanForSourceGeneratedMonoScriptInfo (0ms)
			ResolveRequiredComponents (0ms)
	FinalizeReload (162ms)
		ReleaseScriptCaches (0ms)
		RebuildScriptCaches (0ms)
		SetupLoadedEditorAssemblies (128ms)
			LogAssemblyErrors (0ms)
			InitializePlatformSupportModulesInManaged (5ms)
			SetLoadedEditorAssemblies (4ms)
			RefreshPlugins (0ms)
			BeforeProcessingInitializeOnLoad (1ms)
			ProcessInitializeOnLoadAttributes (80ms)
			ProcessInitializeOnLoadMethodAttributes (37ms)
			AfterProcessingInitializeOnLoad (0ms)
			EditorAssembliesLoaded (0ms)
		ExecutionOrderSort2 (0ms)
		AwakeInstancesAfterBackupRestoration (0ms)
========================================================================
Worker process is ready to serve import requests
Begin MonoManager ReloadAssembly
- Loaded All Assemblies, in  0.345 seconds
Refreshing native plugins compatible for Editor in 1.59 ms, found 2 plugins.
Native extension for WindowsStandalone target not found
Package Manager log level set to [2]
[Package Manager] Server::EnsureServerProcessIsRunning -- launch failed, reason: Unity was launched with the -noUpm command-line argument
[Package Manager] UpmClient::Send -- Unable to send message (not connected to UPM process).
[Package Manager] Cannot connect to Unity Package Manager local server
Mono: successfully reloaded assembly
- Finished resetting the current domain, in  0.374 seconds
Domain Reload Profiling: 718ms
	BeginReloadAssembly (99ms)
		ExecutionOrderSort (0ms)
		DisableScriptedObjects (3ms)
		BackupInstance (0ms)
		ReleaseScriptingObjects (0ms)
		CreateAndSetChildDomain (14ms)
	RebuildCommonClasses (21ms)
	RebuildNativeTypeToScriptingClass (8ms)
	initialDomainReloadingComplete (17ms)
	LoadAllAssembliesAndSetupDomain (199ms)
		LoadAssemblies (186ms)
		RebuildTransferFunctionScriptingTraits (0ms)
		AnalyzeDomain (67ms)
			TypeCache.Refresh (56ms)
				TypeCache.ScanAssembly (44ms)
			ScanForSourceGeneratedMonoScriptInfo (8ms)
			ResolveRequiredComponents (3ms)
	FinalizeReload (374ms)
		ReleaseScriptCaches (0ms)
		RebuildScriptCaches (0ms)
		SetupLoadedEditorAssemblies (266ms)
			LogAssemblyErrors (0ms)
			InitializePlatformSupportModulesInManaged (3ms)
			SetLoadedEditorAssemblies (4ms)
			RefreshPlugins (0ms)
			BeforeProcessingInitializeOnLoad (32ms)
			ProcessInitializeOnLoadAttributes (199ms)
			ProcessInitializeOnLoadMethodAttributes (24ms)
			AfterProcessingInitializeOnLoad (5ms)
			EditorAssembliesLoaded (0ms)
		ExecutionOrderSort2 (0ms)
		AwakeInstancesAfterBackupRestoration (4ms)
Launched and connected shader compiler UnityShaderCompiler.exe after 0.06 seconds
Refreshing native plugins compatible for Editor in 1.99 ms, found 2 plugins.
Preloading 0 native plugins for Editor in 0.00 ms.
Unloading 1774 Unused Serialized files (Serialized files now loaded: 0)
Unloading 41 unused Assets / (51.5 KB). Loaded Objects now: 2240.
Memory consumption went from 88.6 MB to 88.5 MB.
Total: 2.647300 ms (FindLiveObjects: 0.112400 ms CreateObjectMapping: 0.032200 ms MarkObjects: 2.312200 ms  DeleteObjects: 0.189500 ms)

AssetImportParameters requested are different than current active one (requested -> active):
  custom:scripting/monoscript/fileName/PhotonViewHandler.cs: 04df6e0009ed212af615629d11f26713 -> 7c6c7799f7e9296388067c605d1dc27c
  custom:video-decoder-webm-vp8: 9c59270c3fd7afecdb556c50c9e8de78 -> 
  custom:scripting/monoscript/fileName/SocketUdp.cs: 3e7d33da90a9a4f1ed17387312d5f530 -> 
  custom:scripting/monoscript/fileName/PhotonTransformViewScaleModel.cs: 31e63267c788e1c4dbdb549acecac037 -> 
  custom:scripting/monoscript/fileName/NetworkCullingHandler.cs: e719853acb78504ca24b045f453fe3c6 -> 
  custom:scripting/monoscript/fileName/PhotonRigidbody2DViewEditor.cs: d21c21d035ae96df0405c871d9105c4f -> 1bbd8586933ea3b91d286e3a03ef0b15
  custom:scripting/monoscript/fileName/PhotonStatsGui.cs: 167a05ca835506e0c5aa596702870113 -> d8361e63c4cf02d1cc41570adb7e9d85
  custom:scripting/monoscript/fileName/ManualPhotonViewAllocator.cs: 3a9d8def9f8e9d9527a8abbbf3a2663a -> 
  custom:scripting/monoscript/fileName/ChatOperationCode.cs: 86df694dc025ae9482f0988014323365 -> dac444e0d5bbc5c837c33663c8b2cefb
  custom:scripting/monoscript/fileName/ChatParameterCode.cs: 4e059ec5ca848826b74f1cbd735af41e -> a0fd6a090c21b2fc7ca69a867e9c27c2
  custom:scripting/monoscript/fileName/OnJoinedInstantiate.cs: f62f346a404f155bf52f6da4d983d5d3 -> e6fcd481d2d6dd67f5b18fb26017d8ba
  custom:scripting/monoscript/fileName/PickupItemSyncer.cs: 74b43b7de3c10f067d9b8f861896813a -> 
  custom:SearchIndexIgnoredProperties: e643bd26f0fe6173181afceb89e7c659 -> 
  custom:scripting/monoscript/fileName/CullArea.cs: 494ff32d92059b4cc62954979f90f5e0 -> 75f7e0f84478d7778555f1e1e66d50b7
  custom:scripting/monoscript/fileName/InRoomChat.cs: a6e3d33bfbb2d8b185d12fd2b1611a88 -> 
  custom:scripting/monoscript/fileName/ShowStatusWhenConnecting.cs: 25774a5ab23a770bc02e2280e892a2b5 -> 
  custom:container-demuxer-ogg: 62fdf1f143b41e24485cea50d1cbac27 -> 
  custom:AudioImporter_EditorPlatform: d09bf68614088b80899f8185d706f6e7 -> 
  custom:scripting/monoscript/fileName/PickupItem.cs: 71d901a7943673c26b0527ad8f269cee -> 
  custom:scripting/monoscript/fileName/PhotonConverter.cs: 6b8c4d06f124899faa6714823222447f -> 
  custom:scripting/monoscript/fileName/NetworkingPeer.cs: 61464c1136cb5089a1bed19aae1f6390 -> 
  custom:scripting/monoscript/fileName/TextButtonTransition.cs: 5c64f5a48186b1dfd8164a2e6d6225f0 -> 72621123551f8416d26a631e33786da7
  custom:scripting/monoscript/fileName/PhotonTransformViewRotationControl.cs: 3046024c088d31207e09ad15eba81b26 -> 
  custom:scripting/monoscript/fileName/ChatEventCode.cs: a343871e14ca167f2d2b00477ca6b374 -> 764a52cdc3a575d4587f1a0939ee2b6d
  custom:scripting/monoscript/fileName/ChatPeer.cs: 7649bd3a3cdd1c83f9e75f3d49de3a2e -> ab4cb6a09b2bd7026434274768d75701
  custom:scripting/monoscript/fileName/PhotonTransformViewRotationModel.cs: 04e41b01272df23e7b7699a15020bfb3 -> 
  custom:scripting/monoscript/fileName/AccountService.cs: c037237b5f699b684000bae4a40ec7b7 -> 80b748556379aab9364d8ef00499f1a9
  custom:scripting/monoscript/fileName/PhotonAnimatorView.cs: ed14a9803ccbfed1b614f760302f789c -> d7e478a730cbe0e6a3a4e1f87600646a
  custom:scripting/monoscript/fileName/PhotonEditor.cs: 22628f0a0b893373157f1693598357c0 -> 9beee3a7ca2bc764b51880f31127a0ea
  custom:scripting/monoscript/fileName/PhotonTransformViewScaleControl.cs: 466bd90c7f004fd3f16a3e6c88cfb64a -> 
  custom:scripting/monoscript/fileName/OnClickInstantiate.cs: d6801694af9474f57c634628879ef9c3 -> 3929e8581c0458b4fa6c3ecec790414e
  custom:scripting/monoscript/fileName/GizmoType.cs: 9060cdefb506543308c2dd8bb96f214e -> 
  custom:video-decoder-ogg-theora: a1e56fd34408186e4bbccfd4996cb3dc -> 
  custom:scripting/monoscript/fileName/PhotonTransformViewEditor.cs: b8a7448b34b9f03bdfee626149ea0648 -> d59344a8429d1e1c91f78e42f728790a
  custom:scripting/monoscript/fileName/Room.cs: 0d981d0e1652f29f29d7d3d5ae29910e -> f509531380bf8f44be3c84421df8f27b
  custom:scripting/monoscript/fileName/PhotonEditorUtils.cs: b8690f563061cba0a1e5f9b1cfbb8f8a -> 4456563b945cca498f5f71d9eb2059b9
  custom:scripting/monoscript/fileName/PhotonClasses.cs: 8c4aca31194a54e049d12756c1d3c12c -> 
  custom:scripting/monoscript/fileName/ChatUserStatus.cs: 36ef76301aa14072157de3111f3fc275 -> 70a3ef1ac77c9464b5af9f3f7bba93e1
  custom:scripting/monoscript/fileName/PhotonHandler.cs: f794d0c315941d97ad3cd33a7875649b -> 70e641dd7ce55eb351f633fc29fb5f7f
  custom:scripting/monoscript/fileName/PhotonRigidbodyViewEditor.cs: 5f813b4f9da7f17dafdbe4bebd77190a -> ab7e34153fa9a3c646e0316fa6fc5600
  custom:framework-win-MediaFoundation: 216162199b28c13a410421893ffa2e32 -> 
  custom:scripting/monoscript/fileName/OnStartDelete.cs: 2a080145ee12d9ba82d39321981e9463 -> 020107d689eae9ab4a37b46ac589b3dd
  custom:scripting/monoscript/fileName/PhotonNetwork.cs: 4eab801ccad21c93466e6698a3292da2 -> b0631ad5c9d567edbfc4fb2b742f00d0
  custom:scripting/monoscript/fileName/PhotonGUI.cs: 6896d109dc53dc63c5e02866122db196 -> a5571c3104cbd100c9135419869f9e73
  custom:scripting/monoscript/fileName/PhotonRigidbodyView.cs: 0234a6ad938350fc66f4397d76da6e11 -> f6b453c3dd57cf47fa35b8156daece9a
  custom:scripting/monoscript/fileName/FriendInfo.cs: dbe3b0717eff84f0ba32639493897c08 -> be836ba41ecfa4c9dca4b510bdfea5c8
  custom:scripting/monoscript/fileName/ConnectAndJoinRandom.cs: 964b14c4165c88f6ff00bfa01756a771 -> 00d6f17fa442bd592f9dfb4622a40a5d
  custom:scripting/monoscript/fileName/TextToggleIsOnTransition.cs: fb1d42a564e697cf9052c0ca1effe3a4 -> 3e45da2cb510baa5765664ee499455b7
  custom:scripting/monoscript/fileName/SmoothSyncMovement.cs: becdc4a37efa29c488181735f621952c -> 31ee6a992a574c4e665f73e48482d3fc
  custom:scripting/monoscript/fileName/ButtonInsideScrollList.cs: 43f92291723b94b8f702b407b878a1e4 -> 663db374c5f487d95198d2dce6dd1ce7
  custom:scripting/monoscript/fileName/TimeKeeper.cs: 8ca4f6ae8a051f4d8e775c826e0b16f6 -> 
  custom:scripting/monoscript/fileName/ReorderableListResources.cs: 25e924e89d6b9581b3b34aa92e3ba427 -> a21528a46272f1d315f76aa8c009d10e
  custom:video-encoder-webm-vp8: eb34c28f22e8b96e1ab97ce403110664 -> 
  custom:scripting/monoscript/fileName/PunTurnManager.cs: ad9c191bf2c24d8aec640e4dca9b3279 -> c24499e0acfb9782133d39c092b0366b
  custom:scripting/monoscript/fileName/PhotonTransformView.cs: 92692890ee5caed74d0ce677ebb3a5ac -> ea668b9d3ca2e512312f4d0840810b14
  custom:audio-decoder-ogg-vorbis: bf7c407c2cedff20999df2af8eb42d56 -> 
  custom:scripting/monoscript/fileName/CustomTypes.cs: d84c08b1ff6a97dd676a99d9bedef71c -> 32fb10f0e1ae6f1f4c5b8deb3c8e83c3
  custom:scripting/monoscript/fileName/SupportLogger.cs: 11290faa2d4663cda3a3673ea9074c1d -> 6226925e792eee84b718aee3baaa82a7
  custom:scripting/monoscript/fileName/PlayerRoomIndexing.cs: b7d631d6039c38ebb264033d6f1618dd -> 
  custom:scripting/monoscript/fileName/PunTeams.cs: a074d5b19d017e4829f92939c3ba8609 -> 97cdf6951e96c2643337cf5fb8f69c0b
  custom:CustomObjectIndexerAttribute: 756ad292c208cfabdd7b50bc23989ffe -> 
  custom:scripting/monoscript/fileName/PhotonTransformViewPositionModel.cs: fdbdb53fc2b46d99ea2c00521716ca5a -> 
  custom:scripting/monoscript/fileName/OnClickDestroy.cs: 43be561bdadc8763534f4888a185ed8c -> 84deb4bc685f090f86133752922a945d
  custom:scripting/monoscript/fileName/PhotonView.cs: f4b0959002a578c99865ce439b519492 -> b2662a18b33c427e0ec2e5ab1a56c2b5
  custom:scripting/monoscript/fileName/ChatChannel.cs: 080722ab892f27b53474e4d0df653c28 -> 052e931f7bf91536d9bda80d682b6368
  custom:scripting/monoscript/fileName/ChatClient.cs: 4d6947a48d7c4fc41a46883a17e4724e -> d3eb880194f03abd869e259e1e9fd5f0
  custom:scripting/monoscript/fileName/QuitOnEscapeOrBack.cs: c8cb866e8887fc3722773a799851883c -> 
  custom:scripting/monoscript/fileName/IChatClientListener.cs: fec4f28e8c06a47a4e29ee3ae4fcaaea -> e6ec1b8d09bf11f3791c0bd18ae45880
  custom:scripting/monoscript/fileName/PunPlayerScores.cs: dd89d7166e9d08b2226a185f9f183361 -> eee61e21995464ded106b44bf2f6edd4
  custom:container-demuxer-webm: 4f35f7cbe854078d1ac9338744f61a02 -> 
  custom:scripting/monoscript/fileName/RoomInfo.cs: ea1b79a23de7a722d128a25ed956fb9f -> 86776ad49e4deb535029b369c45e7f36
  custom:scripting/monoscript/fileName/PunTeamsInspector.cs: 927c97f5cd7c62e93e00b68934b4ed98 -> 4df913dbc11ac67364301ce3915ea909
  custom:scripting/monoscript/fileName/PunSceneSettings.cs: c32a678978cd025e722428d0b990a013 -> 91ded15e638c075e189911af7f870d60
  custom:scripting/monoscript/fileName/Enums.cs: 2a272c146673823cf1efccd09a164421 -> 
  custom:scripting/monoscript/fileName/PhotonRigidbody2DView.cs: 4aa9017aef6ad8ad3d1da231b95defa2 -> cfabe07ff5658dc80bf23a32c3f3d3ea
  custom:scripting/monoscript/fileName/ServerSettings.cs: 4ab61f8e33ac7f6755ee2fc1bc0a9ac7 -> 8fa55e8857e3ebd201455fd70a9f157d
  custom:scripting/monoscript/fileName/PickupItemSimple.cs: 83e4999f5e04e17a01cfb39a641f3d16 -> 
  custom:scripting/monoscript/fileName/ServerSettingsInspector.cs: 0f5778f1504cb7c6c78df28f9b1101e2 -> 95da0bc9ecca5735a6f497f524ce7e54
  custom:scripting/monoscript/fileName/PhotonStreamQueue.cs: 944b3cfb0c509a9c981ccb685b9ddc7b -> 5d5e55e8eb60f78e116626969ed0311e
  custom:scripting/monoscript/fileName/LoadbalancingPeer.cs: 8e225a64b40247017bb81d65410e13d1 -> d9dd9ca955de7f0a553b219d39f29621
  custom:scripting/monoscript/fileName/PhotonAnimatorViewEditor.cs: 762e9e81a5d6938486a2be1887d563e1 -> fd89a9c520118567d7b47e39070bcd39
  custom:scripting/monoscript/fileName/PhotonPlayer.cs: 14f9c7d290a79d56eafec8b5e737fdb4 -> 
  custom:audio-encoder-webm-vorbis: bf7c407c2cedff20999df2af8eb42d56 -> 
  custom:scripting/monoscript/fileName/PhotonViewInspector.cs: 84681baf5c32157e556b28df338ceb0e -> da72c707197b3a14a9e4fc031131a7bc
  custom:scripting/monoscript/fileName/MoveByKeys.cs: 0cf3ce6ab8ae32652f4e840453beb11f -> 0be06a6581575752c58847799d9932e6
  custom:scripting/monoscript/fileName/PingCloudRegions.cs: e6c87a0a245dfedd1b498faa008dc2ab -> 
  custom:scripting/monoscript/fileName/RPC.cs: e8f814cf2f6aeb3e1d238b38d6abef9f -> 
  custom:scripting/monoscript/fileName/InputToEvent.cs: c39f8b3460e2b7a3873b2ff3436a1178 -> 
  custom:scripting/monoscript/fileName/PointedAtGameObjectInfo.cs: 005fac545cdc6db6f32d4fa0c9d69938 -> 0f220a9d7e421f59db30fb04c90d6c0e
  custom:scripting/monoscript/fileName/PhotonLagSimulationGui.cs: 8a20f50a058f2e402265d478986f2938 -> de60acfca25c9c245519382776ad2f82
  custom:scripting/monoscript/fileName/PhotonTransformViewPositionControl.cs: a99cdf1394a25caf432d94fe3418b2c7 -> 
  custom:container-muxer-webm: aa71ff27fc2769a1b78a27578f13a17b -> 
  custom:scripting/monoscript/fileName/Extensions.cs: 3a1f6f758c8a7f277f61c0d0a87db005 -> 3f8618856b92f72822431fd67127e289
  custom:scripting/monoscript/fileName/CullAreaEditor.cs: 91fdea20bee6b0604d2a3f834b947298 -> ac85e81dd9fb835b90f15d14c78d253a
  custom:scripting/monoscript/fileName/PlayerRoomIndexingInspector.cs: c0e4fd79e8f98a9f3341eb2f6e8fb5f0 -> 
========================================================================
Received Import Request.
  Time since last request: 933980.697318 seconds.
  path: Assets/NotBuyoTeto/Sprites/Title/NotTetrin_Title.png
  artifactKey: Guid(4bf0169f8a524c54ab084a34f83ba8fa) Importer(2089858483,0ecaa5967403d082aa24f35e1b516d23)
Start importing Assets/NotBuyoTeto/Sprites/Title/NotTetrin_Title.png using Guid(4bf0169f8a524c54ab084a34f83ba8fa) Importer(2089858483,0ecaa5967403d082aa24f35e1b516d23) Generated GUIDs only implemented for interfaces!
 -> (artifact id: '1ee24a876cd77caac431fb88d310cf26') in 0.112802 seconds
Number of updated asset objects reloaded before import = 0
Number of asset objects unloaded after import = 3
========================================================================
Received Import Request.
  Time since last request: 0.000021 seconds.
  path: Assets/NotBuyoTeto/Sprites/Ingame/Buyobuyo/batu.png
  artifactKey: Guid(63f1a916dfd9c5b458a2af9bee37ceab) Importer(2089858483,0ecaa5967403d082aa24f35e1b516d23)
Start importing Assets/NotBuyoTeto/Sprites/Ingame/Buyobuyo/batu.png using Guid(63f1a916dfd9c5b458a2af9bee37ceab) Importer(2089858483,0ecaa5967403d082aa24f35e1b516d23) Generated GUIDs only implemented for interfaces!
 -> (artifact id: '48a9901569d9af284f23f0dedae66f26') in 0.018939 seconds
Number of updated asset objects reloaded before import = 0
Number of asset objects unloaded after import = 3
========================================================================
Received Import Request.
  Time since last request: 0.000011 seconds.
  path: Assets/NotBuyoTeto/Scripts/Utility/Tiling/TileHelper.cs
  artifactKey: Guid(a7a010ab233f5764a835a2eaf475d534) Importer(2089858483,0ecaa5967403d082aa24f35e1b516d23)
Start importing Assets/NotBuyoTeto/Scripts/Utility/Tiling/TileHelper.cs using Guid(a7a010ab233f5764a835a2eaf475d534) Importer(2089858483,0ecaa5967403d082aa24f35e1b516d23) Generated GUIDs only implemented for interfaces!
 -> (artifact id: 'b1ef2cb646e9bfe4481e05d40e0032ac') in 0.008079 seconds
Number of updated asset objects reloaded before import = 0
Number of asset objects unloaded after import = 1
========================================================================
Received Import Request.
  Time since last request: 0.000063 seconds.
  path: Assets/NotBuyoTeto/Scripts/Ingame/Buyobuyo/BuyoManager.cs
  artifactKey: Guid(8cdc6cb9afb20e647af728d16623982a) Importer(2089858483,0ecaa5967403d082aa24f35e1b516d23)
Start importing Assets/NotBuyoTeto/Scripts/Ingame/Buyobuyo/BuyoManager.cs using Guid(8cdc6cb9afb20e647af728d16623982a) Importer(2089858483,0ecaa5967403d082aa24f35e1b516d23) Generated GUIDs only implemented for interfaces!
 -> (artifact id: 'eeef77d0ef4afb51b0fbcae26ea4d0a5') in 0.006778 seconds
Number of updated asset objects reloaded before import = 0
Number of asset objects unloaded after import = 1
========================================================================
Received Import Request.
  Time since last request: 0.000021 seconds.
  path: Assets/NotBuyoTeto/Scripts/Ingame/Buyobuyo/NextBuyo.cs
  artifactKey: Guid(d88eda68276ca944d93e272d9fde5fc8) Importer(2089858483,0ecaa5967403d082aa24f35e1b516d23)
Start importing Assets/NotBuyoTeto/Scripts/Ingame/Buyobuyo/NextBuyo.cs using Guid(d88eda68276ca944d93e272d9fde5fc8) Importer(2089858483,0ecaa5967403d082aa24f35e1b516d23) Generated GUIDs only implemented for interfaces!
 -> (artifact id: 'c327ea1db3048de30477969970ea4967') in 0.007040 seconds
Number of updated asset objects reloaded before import = 0
Number of asset objects unloaded after import = 1
========================================================================
Received Import Request.
  Time since last request: 0.000033 seconds.
  path: Assets/NotBuyoTeto/Scripts/Ingame/SinglePlay/MenuManager.cs
  artifactKey: Guid(175a62505b32d3d45bddf843d6293cf2) Importer(2089858483,0ecaa5967403d082aa24f35e1b516d23)
Start importing Assets/NotBuyoTeto/Scripts/Ingame/SinglePlay/MenuManager.cs using Guid(175a62505b32d3d45bddf843d6293cf2) Importer(2089858483,0ecaa5967403d082aa24f35e1b516d23) Generated GUIDs only implemented for interfaces!
 -> (artifact id: '7b5410b027de2701ab3f5c2a2ebcf106') in 0.006541 seconds
Number of updated asset objects reloaded before import = 0
Number of asset objects unloaded after import = 1
========================================================================
Received Import Request.
  Time since last request: 0.000013 seconds.
  path: Assets/NotBuyoTeto/Scripts/Ingame/SinglePlay/Ranker.cs
  artifactKey: Guid(18ea3b997f65af94bb54e6d84ec8929d) Importer(2089858483,0ecaa5967403d082aa24f35e1b516d23)
Start importing Assets/NotBuyoTeto/Scripts/Ingame/SinglePlay/Ranker.cs using Guid(18ea3b997f65af94bb54e6d84ec8929d) Importer(2089858483,0ecaa5967403d082aa24f35e1b516d23) Generated GUIDs only implemented for interfaces!
 -> (artifact id: '9ca0b9fd72d45676fdec6c8b84c7d87c') in 0.007424 seconds
Number of updated asset objects reloaded before import = 0
Number of asset objects unloaded after import = 1
========================================================================
Received Import Request.
  Time since last request: 0.000009 seconds.
  path: Assets/NotBuyoTeto/Animations/Ingame/SinglePlay/ClosePopup.anim
  artifactKey: Guid(8b9e3735f74911443b96d83007e1f17b) Importer(2089858483,0ecaa5967403d082aa24f35e1b516d23)
Start importing Assets/NotBuyoTeto/Animations/Ingame/SinglePlay/ClosePopup.anim using Guid(8b9e3735f74911443b96d83007e1f17b) Importer(2089858483,0ecaa5967403d082aa24f35e1b516d23) Generated GUIDs only implemented for interfaces!
 -> (artifact id: '99c3dc3d97fc30253cabe0ac0f1499f8') in 0.011207 seconds
Number of updated asset objects reloaded before import = 0
Number of asset objects unloaded after import = 1
========================================================================
Received Import Request.
  Time since last request: 0.000011 seconds.
  path: Assets/Photon/PhotonUnityNetworking/Icons/PunIcon-128.png
  artifactKey: Guid(bd293dc32f4aaf94e8274f2fac2cdf89) Importer(2089858483,0ecaa5967403d082aa24f35e1b516d23)
Start importing Assets/Photon/PhotonUnityNetworking/Icons/PunIcon-128.png using Guid(bd293dc32f4aaf94e8274f2fac2cdf89) Importer(2089858483,0ecaa5967403d082aa24f35e1b516d23) Generated GUIDs only implemented for interfaces!
 -> (artifact id: 'ecfed40c6d69d61b474c51a3b203c7ce') in 0.017102 seconds
Number of updated asset objects reloaded before import = 0
Number of asset objects unloaded after import = 3
========================================================================
Received Import Request.
  Time since last request: 0.000017 seconds.
  path: Assets/NotBuyoTeto/Scripts/Ingame/Buyobuyo/LevelManager.cs
  artifactKey: Guid(02ad9ba20a79e2f4f98ced85bf3da223) Importer(2089858483,0ecaa5967403d082aa24f35e1b516d23)
Start importing Assets/NotBuyoTeto/Scripts/Ingame/Buyobuyo/LevelManager.cs using Guid(02ad9ba20a79e2f4f98ced85bf3da223) Importer(2089858483,0ecaa5967403d082aa24f35e1b516d23) Generated GUIDs only implemented for interfaces!
 -> (artifact id: '7e4fbdfa7bec9a809daaaeb977cf5180') in 0.010932 seconds
Number of updated asset objects reloaded before import = 0
Number of asset objects unloaded after import = 1
========================================================================
Received Import Request.
  Time since last request: 0.000010 seconds.
  path: Assets/Photon/PhotonRealtime/Code/PhotonRealtime.asmdef
  artifactKey: Guid(831409e8f9d13b5479a3baef9822ad34) Importer(2089858483,0ecaa5967403d082aa24f35e1b516d23)
Start importing Assets/Photon/PhotonRealtime/Code/PhotonRealtime.asmdef using Guid(831409e8f9d13b5479a3baef9822ad34) Importer(2089858483,0ecaa5967403d082aa24f35e1b516d23) Generated GUIDs only implemented for interfaces!
 -> (artifact id: 'e301228752f9ff871af3c0d73a737d3f') in 0.006292 seconds
Number of updated asset objects reloaded before import = 0
Number of asset objects unloaded after import = 1
========================================================================
Received Import Request.
  Time since last request: 0.000013 seconds.
  path: Assets/NotBuyoTeto/Scripts/Utility/Audio/AudioManager.cs
  artifactKey: Guid(a4fa7c06833c653408b7cf8b2363a74a) Importer(2089858483,0ecaa5967403d082aa24f35e1b516d23)
Start importing Assets/NotBuyoTeto/Scripts/Utility/Audio/AudioManager.cs using Guid(a4fa7c06833c653408b7cf8b2363a74a) Importer(2089858483,0ecaa5967403d082aa24f35e1b516d23) Generated GUIDs only implemented for interfaces!
 -> (artifact id: 'e4528be0fe6a2b9a93b3791356e47fcc') in 0.005733 seconds
Number of updated asset objects reloaded before import = 0
Number of asset objects unloaded after import = 1
========================================================================
Received Import Request.
  Time since last request: 0.000010 seconds.
  path: Assets/NotBuyoTeto/Sounds/Ingame/bgm_theme1.ogg
  artifactKey: Guid(485d237dd03188a418b5f748195fd038) Importer(2089858483,0ecaa5967403d082aa24f35e1b516d23)
Start importing Assets/NotBuyoTeto/Sounds/Ingame/bgm_theme1.ogg using Guid(485d237dd03188a418b5f748195fd038) Importer(2089858483,0ecaa5967403d082aa24f35e1b516d23) Generated GUIDs only implemented for interfaces!
 -> (artifact id: 'afe1cfb43a4743192b21e68c967498fb') in 0.036998 seconds
Number of updated asset objects reloaded before import = 0
Number of asset objects unloaded after import = 1
========================================================================
Received Import Request.
  Time since last request: 1.793644 seconds.
  path: Assets/NotBuyoTeto/Sprites/Ingame/Tetrin/mino_l.png
  artifactKey: Guid(0920d50624acbbf4c854fff7e0baa316) Importer(2089858483,0ecaa5967403d082aa24f35e1b516d23)
Start importing Assets/NotBuyoTeto/Sprites/Ingame/Tetrin/mino_l.png using Guid(0920d50624acbbf4c854fff7e0baa316) Importer(2089858483,0ecaa5967403d082aa24f35e1b516d23) Generated GUIDs only implemented for interfaces!
 -> (artifact id: 'a9d5fcd1abde106edcfb46bf7f91e574') in 0.018160 seconds
Number of updated asset objects reloaded before import = 0
Number of asset objects unloaded after import = 3
========================================================================
Received Import Request.
  Time since last request: 0.000034 seconds.
  path: Assets/NotBuyoTeto/Prefabs/Ingame/Buyobuyo/Effects/buyo_effect_0px.prefab
  artifactKey: Guid(2abee392309692b4caeae713024ed356) Importer(2089858483,0ecaa5967403d082aa24f35e1b516d23)
Start importing Assets/NotBuyoTeto/Prefabs/Ingame/Buyobuyo/Effects/buyo_effect_0px.prefab using Guid(2abee392309692b4caeae713024ed356) Importer(2089858483,0ecaa5967403d082aa24f35e1b516d23) Generated GUIDs only implemented for interfaces!
 -> (artifact id: '6744e5fde8fa5a52a94ed53fcb86b716') in 0.016889 seconds
Number of updated asset objects reloaded before import = 0
Number of asset objects unloaded after import = 7
========================================================================
Received Import Request.
  Time since last request: 0.000011 seconds.
  path: Assets/Photon/PhotonRealtime/Demos/DemoLoadBalancing/Jura-Medium-LB.ttf
  artifactKey: Guid(4a4df204c321f9c40b0dbfb1baaffb4c) Importer(2089858483,0ecaa5967403d082aa24f35e1b516d23)
Start importing Assets/Photon/PhotonRealtime/Demos/DemoLoadBalancing/Jura-Medium-LB.ttf using Guid(4a4df204c321f9c40b0dbfb1baaffb4c) Importer(2089858483,0ecaa5967403d082aa24f35e1b516d23) Generated GUIDs only implemented for interfaces!
 -> (artifact id: '2bd9da59bc45b605df631ac70aded6fb') in 0.013194 seconds
Number of updated asset objects reloaded before import = 0
Number of asset objects unloaded after import = 3
========================================================================
Received Import Request.
  Time since last request: 0.000013 seconds.
  path: Assets/NotBuyoTeto/Scripts/Ingame/MultiPlay/Battle/GarbageSpawner.cs
  artifactKey: Guid(5e6dae66178d6dd498adda4bf723137d) Importer(2089858483,0ecaa5967403d082aa24f35e1b516d23)
Start importing Assets/NotBuyoTeto/Scripts/Ingame/MultiPlay/Battle/GarbageSpawner.cs using Guid(5e6dae66178d6dd498adda4bf723137d) Importer(2089858483,0ecaa5967403d082aa24f35e1b516d23) Generated GUIDs only implemented for interfaces!
 -> (artifact id: '98abb664646d6ce66551c104801cb583') in 0.007402 seconds
Number of updated asset objects reloaded before import = 0
Number of asset objects unloaded after import = 1
========================================================================
Received Import Request.
  Time since last request: 0.000009 seconds.
  path: Assets/Photon/PhotonUnityNetworking/UtilityScripts/UI/TextButtonTransition.cs
  artifactKey: Guid(9d234639538a34b8d9e3cc6362a7afd0) Importer(2089858483,0ecaa5967403d082aa24f35e1b516d23)
Start importing Assets/Photon/PhotonUnityNetworking/UtilityScripts/UI/TextButtonTransition.cs using Guid(9d234639538a34b8d9e3cc6362a7afd0) Importer(2089858483,0ecaa5967403d082aa24f35e1b516d23) Generated GUIDs only implemented for interfaces!
 -> (artifact id: 'e1ef7bc0fdd437a433011e356ae64ed6') in 0.006065 seconds
Number of updated asset objects reloaded before import = 0
Number of asset objects unloaded after import = 1
========================================================================
Received Import Request.
  Time since last request: 0.000011 seconds.
  path: Assets/Photon/PhotonUnityNetworking/UtilityScripts/Prototyping/OnClickInstantiate.cs
  artifactKey: Guid(9b79a9b62449de940a073364858c3f9b) Importer(2089858483,0ecaa5967403d082aa24f35e1b516d23)
Start importing Assets/Photon/PhotonUnityNetworking/UtilityScripts/Prototyping/OnClickInstantiate.cs using Guid(9b79a9b62449de940a073364858c3f9b) Importer(2089858483,0ecaa5967403d082aa24f35e1b516d23) Generated GUIDs only implemented for interfaces!
 -> (artifact id: '8e296e282d4145e547e4027f6fc9f334') in 0.007966 seconds
Number of updated asset objects reloaded before import = 0
Number of asset objects unloaded after import = 1
========================================================================
Received Import Request.
  Time since last request: 0.000018 seconds.
  path: Assets/Photon/PhotonUnityNetworking/Code/Editor/PhotonUnityNetworking.Editor.asmdef
  artifactKey: Guid(4025d00f1ce60da4ea2d0830acf5ebfb) Importer(2089858483,0ecaa5967403d082aa24f35e1b516d23)
Start importing Assets/Photon/PhotonUnityNetworking/Code/Editor/PhotonUnityNetworking.Editor.asmdef using Guid(4025d00f1ce60da4ea2d0830acf5ebfb) Importer(2089858483,0ecaa5967403d082aa24f35e1b516d23) Generated GUIDs only implemented for interfaces!
 -> (artifact id: 'd237b7e9c764e9ccefd215b1efc3966f') in 0.006727 seconds
Number of updated asset objects reloaded before import = 0
Number of asset objects unloaded after import = 1
========================================================================
Received Import Request.
  Time since last request: 0.000018 seconds.
  path: Assets/NotBuyoTeto/Scripts/Ingame/MultiPlay/Club/RoomEntry.cs
  artifactKey: Guid(c77c49515f636bf41a44025bb3094d01) Importer(2089858483,0ecaa5967403d082aa24f35e1b516d23)
Start importing Assets/NotBuyoTeto/Scripts/Ingame/MultiPlay/Club/RoomEntry.cs using Guid(c77c49515f636bf41a44025bb3094d01) Importer(2089858483,0ecaa5967403d082aa24f35e1b516d23) Generated GUIDs only implemented for interfaces!
 -> (artifact id: '5e5c34b9d7fd74de01bcf0a57e1869b3') in 0.006685 seconds
Number of updated asset objects reloaded before import = 0
Number of asset objects unloaded after import = 1
========================================================================
Received Import Request.
  Time since last request: 0.000012 seconds.
  path: Assets/NotBuyoTeto/Prefabs/Ingame/MultiPlay/Resources/Buyo_red.prefab
  artifactKey: Guid(b45cd64640b0ca241a10df43ea69e452) Importer(2089858483,0ecaa5967403d082aa24f35e1b516d23)
Start importing Assets/NotBuyoTeto/Prefabs/Ingame/MultiPlay/Resources/Buyo_red.prefab using Guid(b45cd64640b0ca241a10df43ea69e452) Importer(2089858483,0ecaa5967403d082aa24f35e1b516d23) Generated GUIDs only implemented for interfaces!
 -> (artifact id: '763e7074fbd8251284fcb6451650828a') in 0.020864 seconds
Number of updated asset objects reloaded before import = 0
Number of asset objects unloaded after import = 48
========================================================================
Received Import Request.
  Time since last request: 0.000018 seconds.
  path: Assets/Photon/PhotonUnityNetworking/Code/Views/PhotonRigidbodyView.cs
  artifactKey: Guid(64179f3720bbfe947b7724caa67b7c1d) Importer(2089858483,0ecaa5967403d082aa24f35e1b516d23)
Start importing Assets/Photon/PhotonUnityNetworking/Code/Views/PhotonRigidbodyView.cs using Guid(64179f3720bbfe947b7724caa67b7c1d) Importer(2089858483,0ecaa5967403d082aa24f35e1b516d23) Generated GUIDs only implemented for interfaces!
 -> (artifact id: '987bf9542735ebb5ac0139d32837c02e') in 0.007500 seconds
Number of updated asset objects reloaded before import = 0
Number of asset objects unloaded after import = 1
========================================================================
Received Import Request.
  Time since last request: 0.000016 seconds.
  path: Assets/NotBuyoTeto/Scripts/Ingame/MultiPlay/Club/RoomManager.cs
  artifactKey: Guid(e0043690055c4e04192a54c7a69c9a22) Importer(2089858483,0ecaa5967403d082aa24f35e1b516d23)
Start importing Assets/NotBuyoTeto/Scripts/Ingame/MultiPlay/Club/RoomManager.cs using Guid(e0043690055c4e04192a54c7a69c9a22) Importer(2089858483,0ecaa5967403d082aa24f35e1b516d23) Generated GUIDs only implemented for interfaces!
 -> (artifact id: 'c76d2e73ae86bf630f6e0c0dcc079df6') in 0.006568 seconds
Number of updated asset objects reloaded before import = 0
Number of asset objects unloaded after import = 1
========================================================================
Received Import Request.
  Time since last request: 0.000015 seconds.
  path: Assets/Photon/PhotonUnityNetworking/Code/Views/PhotonAnimatorView.cs
  artifactKey: Guid(9b8c4a61274f60b4ea5fb4299cfdbf14) Importer(2089858483,0ecaa5967403d082aa24f35e1b516d23)
Start importing Assets/Photon/PhotonUnityNetworking/Code/Views/PhotonAnimatorView.cs using Guid(9b8c4a61274f60b4ea5fb4299cfdbf14) Importer(2089858483,0ecaa5967403d082aa24f35e1b516d23) Generated GUIDs only implemented for interfaces!
 -> (artifact id: 'e80aeacbeb33b97ac09b38bb2cb2de56') in 0.007184 seconds
Number of updated asset objects reloaded before import = 0
Number of asset objects unloaded after import = 1
========================================================================
Received Import Request.
  Time since last request: 0.000009 seconds.
  path: Assets/Photon/PhotonUnityNetworking/UtilityScripts/Culling/CullArea.cs
  artifactKey: Guid(dfb1c264fdc576442b2f42c998bed4a2) Importer(2089858483,0ecaa5967403d082aa24f35e1b516d23)
Start importing Assets/Photon/PhotonUnityNetworking/UtilityScripts/Culling/CullArea.cs using Guid(dfb1c264fdc576442b2f42c998bed4a2) Importer(2089858483,0ecaa5967403d082aa24f35e1b516d23) Generated GUIDs only implemented for interfaces!
 -> (artifact id: '02817ff477d0cff9e920e75292a6c05f') in 0.006395 seconds
Number of updated asset objects reloaded before import = 0
Number of asset objects unloaded after import = 1
========================================================================
Received Import Request.
  Time since last request: 0.000048 seconds.
  path: Assets/NotBuyoTeto/Prefabs/Ingame/MultiPlay/Resources/Mino_T.prefab
  artifactKey: Guid(6897c9886789d674b8c077836a811a8d) Importer(2089858483,0ecaa5967403d082aa24f35e1b516d23)
Start importing Assets/NotBuyoTeto/Prefabs/Ingame/MultiPlay/Resources/Mino_T.prefab using Guid(6897c9886789d674b8c077836a811a8d) Importer(2089858483,0ecaa5967403d082aa24f35e1b516d23) Generated GUIDs only implemented for interfaces!
 -> (artifact id: '477641ab73271ac0e8a9f5c251b06cf8') in 0.011966 seconds
Number of updated asset objects reloaded before import = 0
Number of asset objects unloaded after import = 11
========================================================================
Received Import Request.
  Time since last request: 0.000016 seconds.
  path: Assets/Photon/PhotonUnityNetworking/UtilityScripts/Debugging/StatesGui.cs
  artifactKey: Guid(62880f27e95abf2418fd79e9d9d568b4) Importer(2089858483,0ecaa5967403d082aa24f35e1b516d23)
Start importing Assets/Photon/PhotonUnityNetworking/UtilityScripts/Debugging/StatesGui.cs using Guid(62880f27e95abf2418fd79e9d9d568b4) Importer(2089858483,0ecaa5967403d082aa24f35e1b516d23) Generated GUIDs only implemented for interfaces!
 -> (artifact id: 'd95080326d4b8a234486a9619b3b960b') in 0.008098 seconds
Number of updated asset objects reloaded before import = 0
Number of asset objects unloaded after import = 1
========================================================================
Received Import Request.
  Time since last request: 0.000040 seconds.
  path: Assets/NotBuyoTeto/Scripts/Ingame/MultiPlay/Battle/GarbageManager.cs
  artifactKey: Guid(700393807848c124c91cf8c12fb88d5f) Importer(2089858483,0ecaa5967403d082aa24f35e1b516d23)
Start importing Assets/NotBuyoTeto/Scripts/Ingame/MultiPlay/Battle/GarbageManager.cs using Guid(700393807848c124c91cf8c12fb88d5f) Importer(2089858483,0ecaa5967403d082aa24f35e1b516d23) Generated GUIDs only implemented for interfaces!
 -> (artifact id: 'f2a34d5c32d4337168147481d3c67742') in 0.007721 seconds
Number of updated asset objects reloaded before import = 0
Number of asset objects unloaded after import = 1
========================================================================
Received Import Request.
  Time since last request: 0.000017 seconds.
  path: Assets/Photon/PhotonUnityNetworking/UtilityScripts/PhotonView/SmoothSyncMovement.cs
  artifactKey: Guid(35144820bcc25444bb8f0fd767d9423e) Importer(2089858483,0ecaa5967403d082aa24f35e1b516d23)
Start importing Assets/Photon/PhotonUnityNetworking/UtilityScripts/PhotonView/SmoothSyncMovement.cs using Guid(35144820bcc25444bb8f0fd767d9423e) Importer(2089858483,0ecaa5967403d082aa24f35e1b516d23) Generated GUIDs only implemented for interfaces!
 -> (artifact id: '6b05063562f6fd551cd2fda8d0eb68bd') in 0.007706 seconds
Number of updated asset objects reloaded before import = 0
Number of asset objects unloaded after import = 1
========================================================================
Received Import Request.
  Time since last request: 0.000015 seconds.
  path: Assets/NotBuyoTeto/Scripts/Ingame/MultiPlay/Battle/NetworkColliderGroup.cs
  artifactKey: Guid(3b6ac0fc76276ff4386ba4af079b17d2) Importer(2089858483,0ecaa5967403d082aa24f35e1b516d23)
Start importing Assets/NotBuyoTeto/Scripts/Ingame/MultiPlay/Battle/NetworkColliderGroup.cs using Guid(3b6ac0fc76276ff4386ba4af079b17d2) Importer(2089858483,0ecaa5967403d082aa24f35e1b516d23) Generated GUIDs only implemented for interfaces!
 -> (artifact id: '208834e1d06469134ec66aa316ac5616') in 0.007867 seconds
Number of updated asset objects reloaded before import = 0
Number of asset objects unloaded after import = 1
========================================================================
Received Import Request.
  Time since last request: 0.000015 seconds.
  path: Assets/NotBuyoTeto/Scripts/Ingame/MultiPlay/Waiting/OpponentPanel.cs
  artifactKey: Guid(81c78e9072bbdda49a2a0e1e8aca7b93) Importer(2089858483,0ecaa5967403d082aa24f35e1b516d23)
Start importing Assets/NotBuyoTeto/Scripts/Ingame/MultiPlay/Waiting/OpponentPanel.cs using Guid(81c78e9072bbdda49a2a0e1e8aca7b93) Importer(2089858483,0ecaa5967403d082aa24f35e1b516d23) Generated GUIDs only implemented for interfaces!
 -> (artifact id: '7ccab11eccf1e97aa9093c1327ac183b') in 0.007110 seconds
Number of updated asset objects reloaded before import = 0
Number of asset objects unloaded after import = 1
========================================================================
Received Import Request.
  Time since last request: 0.316409 seconds.
  path: Assets/NotBuyoTeto/Scripts/Ingame/MultiPlay/Waiting/WaitingPlayer.cs
  artifactKey: Guid(18b598fc119a4704ab39d16b46990a34) Importer(2089858483,0ecaa5967403d082aa24f35e1b516d23)
Start importing Assets/NotBuyoTeto/Scripts/Ingame/MultiPlay/Waiting/WaitingPlayer.cs using Guid(18b598fc119a4704ab39d16b46990a34) Importer(2089858483,0ecaa5967403d082aa24f35e1b516d23) Generated GUIDs only implemented for interfaces!
 -> (artifact id: '882281bdcc51f304bdaff107e3c15961') in 0.009429 seconds
Number of updated asset objects reloaded before import = 0
Number of asset objects unloaded after import = 1
========================================================================
Received Import Request.
  Time since last request: 0.000152 seconds.
  path: Assets/NotBuyoTeto/Sprites/Ingame/Buyobuyo/Buyo/Buyo_yellow.png
  artifactKey: Guid(708bbde8390a76644879081cb4e700b5) Importer(2089858483,0ecaa5967403d082aa24f35e1b516d23)
Start importing Assets/NotBuyoTeto/Sprites/Ingame/Buyobuyo/Buyo/Buyo_yellow.png using Guid(708bbde8390a76644879081cb4e700b5) Importer(2089858483,0ecaa5967403d082aa24f35e1b516d23) Generated GUIDs only implemented for interfaces!
 -> (artifact id: '597b9326e90dc1a623d5cc587e05568d') in 0.016895 seconds
Number of updated asset objects reloaded before import = 0
Number of asset objects unloaded after import = 3
========================================================================
Received Import Request.
  Time since last request: 0.000010 seconds.
  path: Assets/NotBuyoTeto/Scripts/Ingame/MultiPlay/Battle/Tetrin/DensityIndicatorView.cs
  artifactKey: Guid(b41f3bac42c4eb641802a0e53758d2f5) Importer(2089858483,0ecaa5967403d082aa24f35e1b516d23)
Start importing Assets/NotBuyoTeto/Scripts/Ingame/MultiPlay/Battle/Tetrin/DensityIndicatorView.cs using Guid(b41f3bac42c4eb641802a0e53758d2f5) Importer(2089858483,0ecaa5967403d082aa24f35e1b516d23) Generated GUIDs only implemented for interfaces!
 -> (artifact id: 'bc6f9d8f0997e203fde3b85eb12ed9c3') in 0.007672 seconds
Number of updated asset objects reloaded before import = 0
Number of asset objects unloaded after import = 1
========================================================================
Received Import Request.
  Time since last request: 0.000047 seconds.
  path: Assets/NotBuyoTeto/Sprites/Ingame/Buyobuyo/combo/combo.png
  artifactKey: Guid(695f63325cdfdae45a5f2ee1814370f1) Importer(2089858483,0ecaa5967403d082aa24f35e1b516d23)
Start importing Assets/NotBuyoTeto/Sprites/Ingame/Buyobuyo/combo/combo.png using Guid(695f63325cdfdae45a5f2ee1814370f1) Importer(2089858483,0ecaa5967403d082aa24f35e1b516d23) Generated GUIDs only implemented for interfaces!
 -> (artifact id: '34e3241741e5c596738cab8ceb99e420') in 0.017591 seconds
Number of updated asset objects reloaded before import = 0
Number of asset objects unloaded after import = 3
========================================================================
Received Import Request.
  Time since last request: 0.000010 seconds.
  path: Assets/Photon/PhotonUnityNetworking/Code/Editor/ReordableList/LICENSE.txt
  artifactKey: Guid(c2fbd2e43c3dfae4d9830e9921238cf5) Importer(2089858483,0ecaa5967403d082aa24f35e1b516d23)
Start importing Assets/Photon/PhotonUnityNetworking/Code/Editor/ReordableList/LICENSE.txt using Guid(c2fbd2e43c3dfae4d9830e9921238cf5) Importer(2089858483,0ecaa5967403d082aa24f35e1b516d23) Generated GUIDs only implemented for interfaces!
 -> (artifact id: '238fe11a482b4f08eec1970e8dcfa8fa') in 0.006314 seconds
Number of updated asset objects reloaded before import = 0
Number of asset objects unloaded after import = 1
========================================================================
Received Import Request.
  Time since last request: 0.000021 seconds.
  path: Assets/NotBuyoTeto/Scripts/Ingame/MultiPlay/Battle/Rating/RatingManager.cs
  artifactKey: Guid(89a4172f1bb06924991b04e850d7d4a5) Importer(2089858483,0ecaa5967403d082aa24f35e1b516d23)
Start importing Assets/NotBuyoTeto/Scripts/Ingame/MultiPlay/Battle/Rating/RatingManager.cs using Guid(89a4172f1bb06924991b04e850d7d4a5) Importer(2089858483,0ecaa5967403d082aa24f35e1b516d23) Generated GUIDs only implemented for interfaces!
 -> (artifact id: 'fa536b9e54df98aa25e3cf9b3f9b8b87') in 0.006740 seconds
Number of updated asset objects reloaded before import = 0
Number of asset objects unloaded after import = 1
========================================================================
Received Import Request.
  Time since last request: 0.000058 seconds.
  path: Assets/NotBuyoTeto/Sprites/Ingame/Buyobuyo/combo/0.png
  artifactKey: Guid(144b9ebb6896dfe41bad75178ff560db) Importer(2089858483,0ecaa5967403d082aa24f35e1b516d23)
Start importing Assets/NotBuyoTeto/Sprites/Ingame/Buyobuyo/combo/0.png using Guid(144b9ebb6896dfe41bad75178ff560db) Importer(2089858483,0ecaa5967403d082aa24f35e1b516d23) Generated GUIDs only implemented for interfaces!
 -> (artifact id: '9b4537d81a85f432fe58cf6b56652201') in 0.014700 seconds
Number of updated asset objects reloaded before import = 0
Number of asset objects unloaded after import = 3
========================================================================
Received Import Request.
  Time since last request: 0.000013 seconds.
  path: Assets/NotBuyoTeto/Scripts/Ingame/MultiPlay/Battle/BuyoBuyo/NetworkBuyoView.cs
  artifactKey: Guid(40d637631e88ee84b9ae89094e08adbc) Importer(2089858483,0ecaa5967403d082aa24f35e1b516d23)
Start importing Assets/NotBuyoTeto/Scripts/Ingame/MultiPlay/Battle/BuyoBuyo/NetworkBuyoView.cs using Guid(40d637631e88ee84b9ae89094e08adbc) Importer(2089858483,0ecaa5967403d082aa24f35e1b516d23) Generated GUIDs only implemented for interfaces!
 -> (artifact id: '73047eb8f219a5b01ad426b4974a2025') in 0.007973 seconds
Number of updated asset objects reloaded before import = 0
Number of asset objects unloaded after import = 1
========================================================================
Received Import Request.
  Time since last request: 0.000101 seconds.
  path: Assets/Photon/PhotonUnityNetworking/UtilityScripts/PhotonPlayer/Editor/PhotonUnityNetworking.Utilities.PhotonPlayer.Editor.asmdef
  artifactKey: Guid(7024f760fc566cf45a16d2c838e22b2d) Importer(2089858483,0ecaa5967403d082aa24f35e1b516d23)
Start importing Assets/Photon/PhotonUnityNetworking/UtilityScripts/PhotonPlayer/Editor/PhotonUnityNetworking.Utilities.PhotonPlayer.Editor.asmdef using Guid(7024f760fc566cf45a16d2c838e22b2d) Importer(2089858483,0ecaa5967403d082aa24f35e1b516d23) Generated GUIDs only implemented for interfaces!
 -> (artifact id: '60c3a0287f8e221fb0a7efd4ddbf8850') in 0.006581 seconds
Number of updated asset objects reloaded before import = 0
Number of asset objects unloaded after import = 1
========================================================================
Received Import Request.
  Time since last request: 0.000040 seconds.
  path: Assets/NotBuyoTeto/Sprites/Ingame/Buyobuyo/effect/buyo_effect_8px.png
  artifactKey: Guid(81b65680151716d42854034b42763a6d) Importer(2089858483,0ecaa5967403d082aa24f35e1b516d23)
Start importing Assets/NotBuyoTeto/Sprites/Ingame/Buyobuyo/effect/buyo_effect_8px.png using Guid(81b65680151716d42854034b42763a6d) Importer(2089858483,0ecaa5967403d082aa24f35e1b516d23) Generated GUIDs only implemented for interfaces!
 -> (artifact id: 'a1bec3a32a7e1ffcfff3a9dcdf1a7f29') in 0.014854 seconds
Number of updated asset objects reloaded before import = 0
Number of asset objects unloaded after import = 3
========================================================================
Received Import Request.
  Time since last request: 0.000009 seconds.
  path: Assets/NotBuyoTeto/Sprites/Ingame/Buyobuyo/Buyo/Buyo_green.png
  artifactKey: Guid(7b2fb7258bc95b74aa3acf79f4e3013e) Importer(2089858483,0ecaa5967403d082aa24f35e1b516d23)
Start importing Assets/NotBuyoTeto/Sprites/Ingame/Buyobuyo/Buyo/Buyo_green.png using Guid(7b2fb7258bc95b74aa3acf79f4e3013e) Importer(2089858483,0ecaa5967403d082aa24f35e1b516d23) Generated GUIDs only implemented for interfaces!
 -> (artifact id: '1847735ecc988ea4eb01150934e4dd54') in 0.014216 seconds
Number of updated asset objects reloaded before import = 0
Number of asset objects unloaded after import = 3
Editor requested this worker to shutdown with reason: Scaling down because of idle timeout
TcpMessagingSession - receive error: operation aborted. errorcode: 995, details: XbhIAvP[VvAI/O ~B
AssetImportWorker is now disconnected from the server
Process exiting
Exiting without the bug reporter. Application will terminate with return code 0