Using pre-set license
Built from '2022.3/staging' branch; Version is '2022.3.10f1 (ff3792e53c62) revision 16725906'; Using compiler version '192829333'; Build Type 'Release'
OS: 'Windows 11  (10.0.22621) 64bit Core' Language: 'ja' Physical Memory: 32508 MB
BatchMode: 1, IsHumanControllingUs: 0, StartBugReporterOnCrash: 0, Is64bit: 1, IsPro: 1

COMMAND LINE ARGUMENTS:
C:\Program Files\Unity\Hub\Editor\2022.3.10f1\Editor\Unity.exe
-adb2
-batchMode
-noUpm
-name
AssetImportWorker4
-projectPath
C:/Users/blueapple25130/Documents/Git/NotBuyoTeto
-logFile
Logs/AssetImportWorker4.log
-srvPort
56617
Successfully changed project path to: C:/Users/blueapple25130/Documents/Git/NotBuyoTeto
C:/Users/blueapple25130/Documents/Git/NotBuyoTeto
[UnityMemory] Configuration Parameters - Can be set up in boot.config
    "memorysetup-bucket-allocator-granularity=16"
    "memorysetup-bucket-allocator-bucket-count=8"
    "memorysetup-bucket-allocator-block-size=33554432"
    "memorysetup-bucket-allocator-block-count=8"
    "memorysetup-main-allocator-block-size=16777216"
    "memorysetup-thread-allocator-block-size=16777216"
    "memorysetup-gfx-main-allocator-block-size=16777216"
    "memorysetup-gfx-thread-allocator-block-size=16777216"
    "memorysetup-cache-allocator-block-size=4194304"
    "memorysetup-typetree-allocator-block-size=2097152"
    "memorysetup-profiler-bucket-allocator-granularity=16"
    "memorysetup-profiler-bucket-allocator-bucket-count=8"
    "memorysetup-profiler-bucket-allocator-block-size=33554432"
    "memorysetup-profiler-bucket-allocator-block-count=8"
    "memorysetup-profiler-allocator-block-size=16777216"
    "memorysetup-profiler-editor-allocator-block-size=1048576"
    "memorysetup-temp-allocator-size-main=16777216"
    "memorysetup-job-temp-allocator-block-size=2097152"
    "memorysetup-job-temp-allocator-block-size-background=1048576"
    "memorysetup-job-temp-allocator-reduction-small-platforms=262144"
    "memorysetup-allocator-temp-initial-block-size-main=262144"
    "memorysetup-allocator-temp-initial-block-size-worker=262144"
    "memorysetup-temp-allocator-size-background-worker=32768"
    "memorysetup-temp-allocator-size-job-worker=262144"
    "memorysetup-temp-allocator-size-preload-manager=33554432"
    "memorysetup-temp-allocator-size-nav-mesh-worker=65536"
    "memorysetup-temp-allocator-size-audio-worker=65536"
    "memorysetup-temp-allocator-size-cloud-worker=32768"
    "memorysetup-temp-allocator-size-gi-baking-worker=262144"
    "memorysetup-temp-allocator-size-gfx=262144"
Player connection [33340] Host "[IP] 192.168.157.1 [Port] 0 [Flags] 2 [Guid] 798445173 [EditorId] 798445173 [Version] 1048832 [Id] WindowsEditor(7,DESKTOP-05CVTPV) [Debug] 1 [PackageName] WindowsEditor [ProjectName] Editor" joined multi-casting on [225.0.0.222:54997]...

Player connection [33340] Host "[IP] 192.168.157.1 [Port] 0 [Flags] 2 [Guid] 798445173 [EditorId] 798445173 [Version] 1048832 [Id] WindowsEditor(7,DESKTOP-05CVTPV) [Debug] 1 [PackageName] WindowsEditor [ProjectName] Editor" joined alternative multi-casting on [225.0.0.222:34997]...

[Physics::Module] Initialized MultithreadedJobDispatcher with 31 workers.
Refreshing native plugins compatible for Editor in 4.21 ms, found 2 plugins.
Preloading 0 native plugins for Editor in 0.00 ms.
Initialize engine version: 2022.3.10f1 (ff3792e53c62)
[Subsystems] Discovering subsystems at path C:/Program Files/Unity/Hub/Editor/2022.3.10f1/Editor/Data/Resources/UnitySubsystems
[Subsystems] Discovering subsystems at path C:/Users/blueapple25130/Documents/Git/NotBuyoTeto/Assets
GfxDevice: creating device client; threaded=0; jobified=0
Direct3D:
    Version:  Direct3D 11.0 [level 11.1]
    Renderer: NVIDIA GeForce RTX 4090 (ID=0x2684)
    Vendor:   NVIDIA
    VRAM:     24156 MB
    Driver:   31.0.15.3713
Initialize mono
Mono path[0] = 'C:/Program Files/Unity/Hub/Editor/2022.3.10f1/Editor/Data/Managed'
Mono path[1] = 'C:/Program Files/Unity/Hub/Editor/2022.3.10f1/Editor/Data/MonoBleedingEdge/lib/mono/unityjit-win32'
Mono config path = 'C:/Program Files/Unity/Hub/Editor/2022.3.10f1/Editor/Data/MonoBleedingEdge/etc'
Using monoOptions --debugger-agent=transport=dt_socket,embedding=1,server=y,suspend=n,address=127.0.0.1:56884
Begin MonoManager ReloadAssembly
Registering precompiled unity dll's ...
Register platform support module: C:/Program Files/Unity/Hub/Editor/2022.3.10f1/Editor/Data/PlaybackEngines/WindowsStandaloneSupport/UnityEditor.WindowsStandalone.Extensions.dll
Registered in 0.002936 seconds.
- Loaded All Assemblies, in  0.186 seconds
Native extension for WindowsStandalone target not found
Mono: successfully reloaded assembly
- Finished resetting the current domain, in  0.144 seconds
Domain Reload Profiling: 329ms
	BeginReloadAssembly (59ms)
		ExecutionOrderSort (0ms)
		DisableScriptedObjects (0ms)
		BackupInstance (0ms)
		ReleaseScriptingObjects (0ms)
		CreateAndSetChildDomain (0ms)
	RebuildCommonClasses (18ms)
	RebuildNativeTypeToScriptingClass (5ms)
	initialDomainReloadingComplete (31ms)
	LoadAllAssembliesAndSetupDomain (71ms)
		LoadAssemblies (58ms)
		RebuildTransferFunctionScriptingTraits (0ms)
		AnalyzeDomain (70ms)
			TypeCache.Refresh (69ms)
				TypeCache.ScanAssembly (62ms)
			ScanForSourceGeneratedMonoScriptInfo (0ms)
			ResolveRequiredComponents (0ms)
	FinalizeReload (144ms)
		ReleaseScriptCaches (0ms)
		RebuildScriptCaches (0ms)
		SetupLoadedEditorAssemblies (110ms)
			LogAssemblyErrors (0ms)
			InitializePlatformSupportModulesInManaged (5ms)
			SetLoadedEditorAssemblies (4ms)
			RefreshPlugins (0ms)
			BeforeProcessingInitializeOnLoad (1ms)
			ProcessInitializeOnLoadAttributes (70ms)
			ProcessInitializeOnLoadMethodAttributes (30ms)
			AfterProcessingInitializeOnLoad (0ms)
			EditorAssembliesLoaded (0ms)
		ExecutionOrderSort2 (0ms)
		AwakeInstancesAfterBackupRestoration (0ms)
========================================================================
Worker process is ready to serve import requests
Begin MonoManager ReloadAssembly
- Loaded All Assemblies, in  0.397 seconds
Refreshing native plugins compatible for Editor in 1.22 ms, found 2 plugins.
Native extension for WindowsStandalone target not found
Package Manager log level set to [2]
[Package Manager] Server::EnsureServerProcessIsRunning -- launch failed, reason: Unity was launched with the -noUpm command-line argument
[Package Manager] UpmClient::Send -- Unable to send message (not connected to UPM process).
[Package Manager] Cannot connect to Unity Package Manager local server
Mono: successfully reloaded assembly
- Finished resetting the current domain, in  0.289 seconds
Domain Reload Profiling: 685ms
	BeginReloadAssembly (94ms)
		ExecutionOrderSort (0ms)
		DisableScriptedObjects (3ms)
		BackupInstance (0ms)
		ReleaseScriptingObjects (0ms)
		CreateAndSetChildDomain (13ms)
	RebuildCommonClasses (21ms)
	RebuildNativeTypeToScriptingClass (7ms)
	initialDomainReloadingComplete (17ms)
	LoadAllAssembliesAndSetupDomain (256ms)
		LoadAssemblies (256ms)
		RebuildTransferFunctionScriptingTraits (0ms)
		AnalyzeDomain (59ms)
			TypeCache.Refresh (50ms)
				TypeCache.ScanAssembly (42ms)
			ScanForSourceGeneratedMonoScriptInfo (6ms)
			ResolveRequiredComponents (3ms)
	FinalizeReload (290ms)
		ReleaseScriptCaches (0ms)
		RebuildScriptCaches (0ms)
		SetupLoadedEditorAssemblies (209ms)
			LogAssemblyErrors (0ms)
			InitializePlatformSupportModulesInManaged (3ms)
			SetLoadedEditorAssemblies (2ms)
			RefreshPlugins (0ms)
			BeforeProcessingInitializeOnLoad (27ms)
			ProcessInitializeOnLoadAttributes (157ms)
			ProcessInitializeOnLoadMethodAttributes (18ms)
			AfterProcessingInitializeOnLoad (2ms)
			EditorAssembliesLoaded (0ms)
		ExecutionOrderSort2 (0ms)
		AwakeInstancesAfterBackupRestoration (4ms)
Launched and connected shader compiler UnityShaderCompiler.exe after 0.05 seconds
Refreshing native plugins compatible for Editor in 2.02 ms, found 2 plugins.
Preloading 0 native plugins for Editor in 0.00 ms.
Unloading 1775 Unused Serialized files (Serialized files now loaded: 0)
Unloading 41 unused Assets / (49.9 KB). Loaded Objects now: 2242.
Memory consumption went from 88.6 MB to 88.6 MB.
Total: 2.921700 ms (FindLiveObjects: 0.130800 ms CreateObjectMapping: 0.035100 ms MarkObjects: 2.659200 ms  DeleteObjects: 0.095500 ms)

AssetImportParameters requested are different than current active one (requested -> active):
  custom:video-decoder-webm-vp8: 9c59270c3fd7afecdb556c50c9e8de78 -> 
  custom:SearchIndexIgnoredProperties: e643bd26f0fe6173181afceb89e7c659 -> 
  custom:container-demuxer-ogg: 62fdf1f143b41e24485cea50d1cbac27 -> 
  custom:AudioImporter_EditorPlatform: d09bf68614088b80899f8185d706f6e7 -> 
  custom:video-decoder-ogg-theora: a1e56fd34408186e4bbccfd4996cb3dc -> 
  custom:framework-win-MediaFoundation: 216162199b28c13a410421893ffa2e32 -> 
  custom:video-encoder-webm-vp8: eb34c28f22e8b96e1ab97ce403110664 -> 
  custom:audio-decoder-ogg-vorbis: bf7c407c2cedff20999df2af8eb42d56 -> 
  custom:CustomObjectIndexerAttribute: 756ad292c208cfabdd7b50bc23989ffe -> 
  custom:container-demuxer-webm: 4f35f7cbe854078d1ac9338744f61a02 -> 
  custom:audio-encoder-webm-vorbis: bf7c407c2cedff20999df2af8eb42d56 -> 
  custom:container-muxer-webm: aa71ff27fc2769a1b78a27578f13a17b -> 
========================================================================
Received Import Request.
  Time since last request: 1007720.054743 seconds.
  path: Assets/NotBuyoTeto/Prefabs/Ingame/Tetrin/Effects/MinoDropEffect.prefab
  artifactKey: Guid(9a285111756b27c489ae01419417ee3a) Importer(815301076,1909f56bfc062723c751e8b465ee728b)
Start importing Assets/NotBuyoTeto/Prefabs/Ingame/Tetrin/Effects/MinoDropEffect.prefab using Guid(9a285111756b27c489ae01419417ee3a) Importer(815301076,1909f56bfc062723c751e8b465ee728b)  -> (artifact id: 'caa43702e3c7085bfb6cba88ca454840') in 0.080381 seconds
Number of updated asset objects reloaded before import = 0
Number of asset objects unloaded after import = 8
========================================================================
Received Import Request.
  Time since last request: 4.610248 seconds.
  path: Assets/NotBuyoTeto/Prefabs/UI/Button.prefab
  artifactKey: Guid(cdb991dcff270954497f4f95c9a23032) Importer(815301076,1909f56bfc062723c751e8b465ee728b)
Start importing Assets/NotBuyoTeto/Prefabs/UI/Button.prefab using Guid(cdb991dcff270954497f4f95c9a23032) Importer(815301076,1909f56bfc062723c751e8b465ee728b)  -> (artifact id: '293ed0d4adce80af62a343c028f6710b') in 0.012014 seconds
Number of updated asset objects reloaded before import = 0
Number of asset objects unloaded after import = 13
========================================================================
Received Import Request.
  Time since last request: 1.328790 seconds.
  path: Assets/NotBuyoTeto/Resources/CommonSfxManager.prefab
  artifactKey: Guid(b95bfe72993729d47808f1a0ce7bd0dd) Importer(815301076,1909f56bfc062723c751e8b465ee728b)
Start importing Assets/NotBuyoTeto/Resources/CommonSfxManager.prefab using Guid(b95bfe72993729d47808f1a0ce7bd0dd) Importer(815301076,1909f56bfc062723c751e8b465ee728b)  -> (artifact id: '45f3471156047264e26589156abbf1f3') in 0.002434 seconds
Number of updated asset objects reloaded before import = 0
Number of asset objects unloaded after import = 5
========================================================================
Received Import Request.
  Time since last request: 16.757108 seconds.
  path: Assets/NotBuyoTeto/Scenes/MarathonMode.unity
  artifactKey: Guid(04cf2364d7600754e8c9621346d06b02) Importer(815301076,1909f56bfc062723c751e8b465ee728b)
Start importing Assets/NotBuyoTeto/Scenes/MarathonMode.unity using Guid(04cf2364d7600754e8c9621346d06b02) Importer(815301076,1909f56bfc062723c751e8b465ee728b)  -> (artifact id: '492819b35d6909781ba40efb724bf946') in 0.000301 seconds
Number of updated asset objects reloaded before import = 0
Number of asset objects unloaded after import = 0
========================================================================
Received Import Request.
  Time since last request: 14.128313 seconds.
  path: Assets/NotBuyoTeto/Scenes/NetworkBattle.unity
  artifactKey: Guid(e052d6021424f7c42bc6b497215f8428) Importer(815301076,1909f56bfc062723c751e8b465ee728b)
Start importing Assets/NotBuyoTeto/Scenes/NetworkBattle.unity using Guid(e052d6021424f7c42bc6b497215f8428) Importer(815301076,1909f56bfc062723c751e8b465ee728b)  -> (artifact id: 'c006c1eb57945b961245a4d18774f669') in 0.000317 seconds
Number of updated asset objects reloaded before import = 0
Number of asset objects unloaded after import = 0
========================================================================
Received Import Request.
  Time since last request: 15.301138 seconds.
  path: Assets/NotBuyoTeto/Scenes/Title.unity
  artifactKey: Guid(1a3cc9f20d82e8047a721a4ca1f00205) Importer(815301076,1909f56bfc062723c751e8b465ee728b)
Start importing Assets/NotBuyoTeto/Scenes/Title.unity using Guid(1a3cc9f20d82e8047a721a4ca1f00205) Importer(815301076,1909f56bfc062723c751e8b465ee728b)  -> (artifact id: '2fbf914f94c49f3ad6cdd0bbb90c306c') in 0.000309 seconds
Number of updated asset objects reloaded before import = 0
Number of asset objects unloaded after import = 0
========================================================================
Received Import Request.
  Time since last request: 11.809158 seconds.
  path: Assets/NotBuyoTeto/Scenes/TokotonMode.unity
  artifactKey: Guid(b23a9665df7de184393fa09190f1bc65) Importer(815301076,1909f56bfc062723c751e8b465ee728b)
Start importing Assets/NotBuyoTeto/Scenes/TokotonMode.unity using Guid(b23a9665df7de184393fa09190f1bc65) Importer(815301076,1909f56bfc062723c751e8b465ee728b)  -> (artifact id: 'db72b026bdceb2b4902974676de9c2d0') in 0.000291 seconds
Number of updated asset objects reloaded before import = 0
Number of asset objects unloaded after import = 0
========================================================================
Received Import Request.
  Time since last request: 72.018325 seconds.
  path: Assets/NotBuyoTeto/Prefabs/Ingame/Buyobuyo/Combo/0.prefab
  artifactKey: Guid(337a3819d0fe1a644adc096613858b53) Importer(815301076,1909f56bfc062723c751e8b465ee728b)
Start importing Assets/NotBuyoTeto/Prefabs/Ingame/Buyobuyo/Combo/0.prefab using Guid(337a3819d0fe1a644adc096613858b53) Importer(815301076,1909f56bfc062723c751e8b465ee728b)  -> (artifact id: 'b3330efd6bd41a07e28f7cb5e4cb9218') in 0.014427 seconds
Number of updated asset objects reloaded before import = 0
Number of asset objects unloaded after import = 12
========================================================================
Received Import Request.
  Time since last request: 0.004062 seconds.
  path: Assets/NotBuyoTeto/Prefabs/Ingame/Buyobuyo/Combo/7.prefab
  artifactKey: Guid(69fafcdd50b225646be8c49394bd9fb3) Importer(815301076,1909f56bfc062723c751e8b465ee728b)
Start importing Assets/NotBuyoTeto/Prefabs/Ingame/Buyobuyo/Combo/7.prefab using Guid(69fafcdd50b225646be8c49394bd9fb3) Importer(815301076,1909f56bfc062723c751e8b465ee728b)  -> (artifact id: '69fbdf3c29ed29a92819fa61f73107dc') in 0.018845 seconds
Number of updated asset objects reloaded before import = 0
Number of asset objects unloaded after import = 12
========================================================================
Received Import Request.
  Time since last request: 0.000011 seconds.
  path: Assets/NotBuyoTeto/Prefabs/Ingame/Buyobuyo/Combo/8.prefab
  artifactKey: Guid(3a45cb02d9d5806409bfa1d9acbc39c9) Importer(815301076,1909f56bfc062723c751e8b465ee728b)
Start importing Assets/NotBuyoTeto/Prefabs/Ingame/Buyobuyo/Combo/8.prefab using Guid(3a45cb02d9d5806409bfa1d9acbc39c9) Importer(815301076,1909f56bfc062723c751e8b465ee728b)  -> (artifact id: '6a35f3f49df670e60228b9f1c5761b10') in 0.009372 seconds
Number of updated asset objects reloaded before import = 0
Number of asset objects unloaded after import = 12
========================================================================
Received Import Request.
  Time since last request: 0.000010 seconds.
  path: Assets/NotBuyoTeto/Prefabs/Ingame/Buyobuyo/Combo/4.prefab
  artifactKey: Guid(bba47dcfca93596429ef154c30225044) Importer(815301076,1909f56bfc062723c751e8b465ee728b)
Start importing Assets/NotBuyoTeto/Prefabs/Ingame/Buyobuyo/Combo/4.prefab using Guid(bba47dcfca93596429ef154c30225044) Importer(815301076,1909f56bfc062723c751e8b465ee728b)  -> (artifact id: '6a6b2170f38dff7962df8bc03519094c') in 0.017958 seconds
Number of updated asset objects reloaded before import = 0
Number of asset objects unloaded after import = 12
========================================================================
Received Import Request.
  Time since last request: 0.000011 seconds.
  path: Assets/NotBuyoTeto/Prefabs/Ingame/Buyobuyo/Combo/6.prefab
  artifactKey: Guid(260d09f000f1f8842a7564a2bc1d8edf) Importer(815301076,1909f56bfc062723c751e8b465ee728b)
Start importing Assets/NotBuyoTeto/Prefabs/Ingame/Buyobuyo/Combo/6.prefab using Guid(260d09f000f1f8842a7564a2bc1d8edf) Importer(815301076,1909f56bfc062723c751e8b465ee728b)  -> (artifact id: '4f423b2ce45546dfada0009edde37c17') in 0.008380 seconds
Number of updated asset objects reloaded before import = 0
Number of asset objects unloaded after import = 12
Editor requested this worker to shutdown with reason: Scaling down because of idle timeout
TcpMessagingSession - receive error: operation aborted. errorcode: 995, details: スレッドの終了またはアプリケーションの要求によって、I/O 処理は中止されました。
AssetImportWorker is now disconnected from the server
Process exiting
Exiting without the bug reporter. Application will terminate with return code 0