
=== Mon Oct  9 13:09:25 2023

Packages were changed.
Update Mode: updateDependencies

The following packages were added:
  com.unity.2d.sprite@1.0.0
  com.unity.2d.tilemap@1.0.0
  com.unity.collab-proxy@1.14.18
  com.unity.ide.rider@1.2.1
  com.unity.ide.visualstudio@2.0.15
  com.unity.ide.vscode@1.2.5
  com.unity.modules.androidjni@1.0.0
  com.unity.modules.vr@1.0.0
  com.unity.modules.xr@1.0.0
  com.unity.multiplayer-hlapi@1.0.8
  com.unity.test-framework@1.1.31
  com.unity.timeline@1.2.18
  com.unity.ugui@1.0.0
  com.unity.xr.legacyinputhelpers@2.1.9
The following packages were removed:
  com.unity.package-manager-ui@1.9.11

=== Mon Oct  9 13:16:10 2023

Packages were changed.
Update Mode: updateDependencies

The following packages were updated:
  com.unity.collab-proxy from version 1.14.18 to 2.1.0
  com.unity.ide.rider from version 1.2.1 to 3.0.25
  com.unity.ide.visualstudio from version 2.0.15 to 2.0.21
  com.unity.test-framework from version 1.1.31 to 1.1.33
  com.unity.timeline from version 1.2.18 to 1.6.5
  com.unity.xr.legacyinputhelpers from version 2.1.9 to 2.1.10
The following packages were removed:
  com.unity.multiplayer-hlapi@1.0.8

=== Mon Oct  9 13:19:59 2023

Packages were changed.
Update Mode: updateDependencies

The following packages were added:
  com.unity.ai.navigation@1.1.4
The following packages were updated:
  com.unity.timeline from version 1.6.5 to 1.7.5
